<?xml version="1.0" encoding="UTF-8"?>
<testsuite xmlns:xsi="http://www.w3.org/2001/XMLSchema-instance" xsi:noNamespaceSchemaLocation="https://maven.apache.org/surefire/maven-surefire-plugin/xsd/surefire-test-report.xsd" name="org.apache.ratis.netty.TestRaftStateMachineExceptionWithNetty" time="4.754" tests="3" errors="1" skipped="0" failures="0">
  <properties>
    <property name="awt.toolkit" value="sun.awt.X11.XToolkit"/>
    <property name="file.encoding.pkg" value="sun.io"/>
    <property name="java.specification.version" value="1.8"/>
    <property name="sun.cpu.isalist" value=""/>
    <property name="sun.jnu.encoding" value="UTF-8"/>
    <property name="java.class.path" value="/workdir/ratis-test/target/test-classes:/workdir/ratis-test/target/classes:/workdir/ratis-common/target/classes:/home/user/.m2/repository/org/apache/ratis/ratis-thirdparty-misc/0.2.0/ratis-thirdparty-misc-0.2.0.jar:/workdir/ratis-proto/target/ratis-proto-0.5.0-SNAPSHOT.jar:/home/user/.m2/repository/org/slf4j/slf4j-log4j12/1.7.10/slf4j-log4j12-1.7.10.jar:/home/user/.m2/repository/log4j/log4j/1.2.17/log4j-1.2.17.jar:/workdir/ratis-common/target/test-classes:/workdir/ratis-client/target/classes:/workdir/ratis-server/target/classes:/workdir/ratis-metrics/target/classes:/home/user/.m2/repository/io/dropwizard/metrics/metrics-core/3.2.5/metrics-core-3.2.5.jar:/home/user/.m2/repository/com/github/joshelser/dropwizard-metrics-hadoop-metrics2-reporter/0.1.2/dropwizard-metrics-hadoop-metrics2-reporter-0.1.2.jar:/home/user/.m2/repository/org/apache/hadoop/hadoop-common/2.6.0/hadoop-common-2.6.0.jar:/home/user/.m2/repository/org/apache/hadoop/hadoop-annotations/2.6.0/hadoop-annotations-2.6.0.jar:/usr/lib/jvm/java-1.8-openjdk/jre/../lib/tools.jar:/home/user/.m2/repository/com/google/guava/guava/11.0.2/guava-11.0.2.jar:/home/user/.m2/repository/commons-cli/commons-cli/1.2/commons-cli-1.2.jar:/home/user/.m2/repository/org/apache/commons/commons-math3/3.1.1/commons-math3-3.1.1.jar:/home/user/.m2/repository/xmlenc/xmlenc/0.52/xmlenc-0.52.jar:/home/user/.m2/repository/commons-httpclient/commons-httpclient/3.1/commons-httpclient-3.1.jar:/home/user/.m2/repository/commons-codec/commons-codec/1.4/commons-codec-1.4.jar:/home/user/.m2/repository/commons-io/commons-io/2.4/commons-io-2.4.jar:/home/user/.m2/repository/commons-net/commons-net/3.1/commons-net-3.1.jar:/home/user/.m2/repository/commons-collections/commons-collections/3.2.1/commons-collections-3.2.1.jar:/home/user/.m2/repository/javax/servlet/servlet-api/2.5/servlet-api-2.5.jar:/home/user/.m2/repository/org/mortbay/jetty/jetty/6.1.26/jetty-6.1.26.jar:/home/user/.m2/repository/org/mortbay/jetty/jetty-util/6.1.26/jetty-util-6.1.26.jar:/home/user/.m2/repository/com/sun/jersey/jersey-core/1.9/jersey-core-1.9.jar:/home/user/.m2/repository/com/sun/jersey/jersey-json/1.9/jersey-json-1.9.jar:/home/user/.m2/repository/org/codehaus/jettison/jettison/1.1/jettison-1.1.jar:/home/user/.m2/repository/com/sun/xml/bind/jaxb-impl/2.2.3-1/jaxb-impl-2.2.3-1.jar:/home/user/.m2/repository/javax/xml/bind/jaxb-api/2.2.2/jaxb-api-2.2.2.jar:/home/user/.m2/repository/javax/xml/stream/stax-api/1.0-2/stax-api-1.0-2.jar:/home/user/.m2/repository/javax/activation/activation/1.1/activation-1.1.jar:/home/user/.m2/repository/org/codehaus/jackson/jackson-jaxrs/1.8.3/jackson-jaxrs-1.8.3.jar:/home/user/.m2/repository/org/codehaus/jackson/jackson-xc/1.8.3/jackson-xc-1.8.3.jar:/home/user/.m2/repository/com/sun/jersey/jersey-server/1.9/jersey-server-1.9.jar:/home/user/.m2/repository/asm/asm/3.1/asm-3.1.jar:/home/user/.m2/repository/tomcat/jasper-compiler/5.5.23/jasper-compiler-5.5.23.jar:/home/user/.m2/repository/tomcat/jasper-runtime/5.5.23/jasper-runtime-5.5.23.jar:/home/user/.m2/repository/javax/servlet/jsp/jsp-api/2.1/jsp-api-2.1.jar:/home/user/.m2/repository/commons-el/commons-el/1.0/commons-el-1.0.jar:/home/user/.m2/repository/commons-logging/commons-logging/1.1.3/commons-logging-1.1.3.jar:/home/user/.m2/repository/net/java/dev/jets3t/jets3t/0.9.0/jets3t-0.9.0.jar:/home/user/.m2/repository/org/apache/httpcomponents/httpclient/4.1.2/httpclient-4.1.2.jar:/home/user/.m2/repository/org/apache/httpcomponents/httpcore/4.1.2/httpcore-4.1.2.jar:/home/user/.m2/repository/com/jamesmurty/utils/java-xmlbuilder/0.4/java-xmlbuilder-0.4.jar:/home/user/.m2/repository/commons-lang/commons-lang/2.6/commons-lang-2.6.jar:/home/user/.m2/repository/commons-configuration/commons-configuration/1.6/commons-configuration-1.6.jar:/home/user/.m2/repository/commons-digester/commons-digester/1.8/commons-digester-1.8.jar:/home/user/.m2/repository/commons-beanutils/commons-beanutils/1.7.0/commons-beanutils-1.7.0.jar:/home/user/.m2/repository/commons-beanutils/commons-beanutils-core/1.8.0/commons-beanutils-core-1.8.0.jar:/home/user/.m2/repository/org/codehaus/jackson/jackson-core-asl/1.9.13/jackson-core-asl-1.9.13.jar:/home/user/.m2/repository/org/codehaus/jackson/jackson-mapper-asl/1.9.13/jackson-mapper-asl-1.9.13.jar:/home/user/.m2/repository/org/apache/avro/avro/1.7.4/avro-1.7.4.jar:/home/user/.m2/repository/com/thoughtworks/paranamer/paranamer/2.3/paranamer-2.3.jar:/home/user/.m2/repository/org/xerial/snappy/snappy-java/1.0.4.1/snappy-java-1.0.4.1.jar:/home/user/.m2/repository/com/google/protobuf/protobuf-java/2.5.0/protobuf-java-2.5.0.jar:/home/user/.m2/repository/com/google/code/gson/gson/2.2.4/gson-2.2.4.jar:/home/user/.m2/repository/org/apache/hadoop/hadoop-auth/2.6.0/hadoop-auth-2.6.0.jar:/home/user/.m2/repository/org/apache/directory/server/apacheds-kerberos-codec/2.0.0-M15/apacheds-kerberos-codec-2.0.0-M15.jar:/home/user/.m2/repository/org/apache/directory/server/apacheds-i18n/2.0.0-M15/apacheds-i18n-2.0.0-M15.jar:/home/user/.m2/repository/org/apache/directory/api/api-asn1-api/1.0.0-M20/api-asn1-api-1.0.0-M20.jar:/home/user/.m2/repository/org/apache/directory/api/api-util/1.0.0-M20/api-util-1.0.0-M20.jar:/home/user/.m2/repository/org/apache/curator/curator-framework/2.6.0/curator-framework-2.6.0.jar:/home/user/.m2/repository/com/jcraft/jsch/0.1.42/jsch-0.1.42.jar:/home/user/.m2/repository/org/apache/curator/curator-client/2.6.0/curator-client-2.6.0.jar:/home/user/.m2/repository/org/apache/curator/curator-recipes/2.6.0/curator-recipes-2.6.0.jar:/home/user/.m2/repository/com/google/code/findbugs/jsr305/1.3.9/jsr305-1.3.9.jar:/home/user/.m2/repository/org/htrace/htrace-core/3.0.4/htrace-core-3.0.4.jar:/home/user/.m2/repository/org/apache/zookeeper/zookeeper/3.4.6/zookeeper-3.4.6.jar:/home/user/.m2/repository/io/netty/netty/3.7.0.Final/netty-3.7.0.Final.jar:/home/user/.m2/repository/org/apache/commons/commons-compress/1.4.1/commons-compress-1.4.1.jar:/home/user/.m2/repository/org/tukaani/xz/1.0/xz-1.0.jar:/home/user/.m2/repository/io/dropwizard/metrics/metrics-jvm/3.2.5/metrics-jvm-3.2.5.jar:/home/user/.m2/repository/io/dropwizard/metrics/metrics-ganglia/3.2.5/metrics-ganglia-3.2.5.jar:/home/user/.m2/repository/info/ganglia/gmetric4j/gmetric4j/1.0.7/gmetric4j-1.0.7.jar:/workdir/ratis-server/target/test-classes:/workdir/ratis-netty/target/classes:/workdir/ratis-netty/target/test-classes:/workdir/ratis-grpc/target/classes:/workdir/ratis-grpc/target/test-classes:/home/user/.m2/repository/org/slf4j/slf4j-api/1.7.10/slf4j-api-1.7.10.jar:/home/user/.m2/repository/junit/junit/4.12/junit-4.12.jar:/home/user/.m2/repository/org/hamcrest/hamcrest-core/1.3/hamcrest-core-1.3.jar:/home/user/.m2/repository/org/mockito/mockito-all/1.8.5/mockito-all-1.8.5.jar:"/>
    <property name="java.vm.vendor" value="IcedTea"/>
    <property name="sun.arch.data.model" value="64"/>
    <property name="java.vendor.url" value="https://icedtea.classpath.org"/>
    <property name="user.timezone" value=""/>
    <property name="java.vm.specification.version" value="1.8"/>
    <property name="os.name" value="Linux"/>
    <property name="user.country" value="US"/>
    <property name="sun.java.launcher" value="SUN_STANDARD"/>
    <property name="sun.boot.library.path" value="/usr/lib/jvm/java-1.8-openjdk/jre/lib/amd64"/>
    <property name="sun.java.command" value="/workdir/ratis-test/target/surefire/surefirebooter6734359885370677707.jar /workdir/ratis-test/target/surefire 2019-09-26T09-43-41_827-jvmRun1 surefire9177671671066468648tmp surefire_251716519509348412031tmp"/>
    <property name="surefire.test.class.path" value="/workdir/ratis-test/target/test-classes:/workdir/ratis-test/target/classes:/workdir/ratis-common/target/classes:/home/user/.m2/repository/org/apache/ratis/ratis-thirdparty-misc/0.2.0/ratis-thirdparty-misc-0.2.0.jar:/workdir/ratis-proto/target/ratis-proto-0.5.0-SNAPSHOT.jar:/home/user/.m2/repository/org/slf4j/slf4j-log4j12/1.7.10/slf4j-log4j12-1.7.10.jar:/home/user/.m2/repository/log4j/log4j/1.2.17/log4j-1.2.17.jar:/workdir/ratis-common/target/test-classes:/workdir/ratis-client/target/classes:/workdir/ratis-server/target/classes:/workdir/ratis-metrics/target/classes:/home/user/.m2/repository/io/dropwizard/metrics/metrics-core/3.2.5/metrics-core-3.2.5.jar:/home/user/.m2/repository/com/github/joshelser/dropwizard-metrics-hadoop-metrics2-reporter/0.1.2/dropwizard-metrics-hadoop-metrics2-reporter-0.1.2.jar:/home/user/.m2/repository/org/apache/hadoop/hadoop-common/2.6.0/hadoop-common-2.6.0.jar:/home/user/.m2/repository/org/apache/hadoop/hadoop-annotations/2.6.0/hadoop-annotations-2.6.0.jar:/usr/lib/jvm/java-1.8-openjdk/jre/../lib/tools.jar:/home/user/.m2/repository/com/google/guava/guava/11.0.2/guava-11.0.2.jar:/home/user/.m2/repository/commons-cli/commons-cli/1.2/commons-cli-1.2.jar:/home/user/.m2/repository/org/apache/commons/commons-math3/3.1.1/commons-math3-3.1.1.jar:/home/user/.m2/repository/xmlenc/xmlenc/0.52/xmlenc-0.52.jar:/home/user/.m2/repository/commons-httpclient/commons-httpclient/3.1/commons-httpclient-3.1.jar:/home/user/.m2/repository/commons-codec/commons-codec/1.4/commons-codec-1.4.jar:/home/user/.m2/repository/commons-io/commons-io/2.4/commons-io-2.4.jar:/home/user/.m2/repository/commons-net/commons-net/3.1/commons-net-3.1.jar:/home/user/.m2/repository/commons-collections/commons-collections/3.2.1/commons-collections-3.2.1.jar:/home/user/.m2/repository/javax/servlet/servlet-api/2.5/servlet-api-2.5.jar:/home/user/.m2/repository/org/mortbay/jetty/jetty/6.1.26/jetty-6.1.26.jar:/home/user/.m2/repository/org/mortbay/jetty/jetty-util/6.1.26/jetty-util-6.1.26.jar:/home/user/.m2/repository/com/sun/jersey/jersey-core/1.9/jersey-core-1.9.jar:/home/user/.m2/repository/com/sun/jersey/jersey-json/1.9/jersey-json-1.9.jar:/home/user/.m2/repository/org/codehaus/jettison/jettison/1.1/jettison-1.1.jar:/home/user/.m2/repository/com/sun/xml/bind/jaxb-impl/2.2.3-1/jaxb-impl-2.2.3-1.jar:/home/user/.m2/repository/javax/xml/bind/jaxb-api/2.2.2/jaxb-api-2.2.2.jar:/home/user/.m2/repository/javax/xml/stream/stax-api/1.0-2/stax-api-1.0-2.jar:/home/user/.m2/repository/javax/activation/activation/1.1/activation-1.1.jar:/home/user/.m2/repository/org/codehaus/jackson/jackson-jaxrs/1.8.3/jackson-jaxrs-1.8.3.jar:/home/user/.m2/repository/org/codehaus/jackson/jackson-xc/1.8.3/jackson-xc-1.8.3.jar:/home/user/.m2/repository/com/sun/jersey/jersey-server/1.9/jersey-server-1.9.jar:/home/user/.m2/repository/asm/asm/3.1/asm-3.1.jar:/home/user/.m2/repository/tomcat/jasper-compiler/5.5.23/jasper-compiler-5.5.23.jar:/home/user/.m2/repository/tomcat/jasper-runtime/5.5.23/jasper-runtime-5.5.23.jar:/home/user/.m2/repository/javax/servlet/jsp/jsp-api/2.1/jsp-api-2.1.jar:/home/user/.m2/repository/commons-el/commons-el/1.0/commons-el-1.0.jar:/home/user/.m2/repository/commons-logging/commons-logging/1.1.3/commons-logging-1.1.3.jar:/home/user/.m2/repository/net/java/dev/jets3t/jets3t/0.9.0/jets3t-0.9.0.jar:/home/user/.m2/repository/org/apache/httpcomponents/httpclient/4.1.2/httpclient-4.1.2.jar:/home/user/.m2/repository/org/apache/httpcomponents/httpcore/4.1.2/httpcore-4.1.2.jar:/home/user/.m2/repository/com/jamesmurty/utils/java-xmlbuilder/0.4/java-xmlbuilder-0.4.jar:/home/user/.m2/repository/commons-lang/commons-lang/2.6/commons-lang-2.6.jar:/home/user/.m2/repository/commons-configuration/commons-configuration/1.6/commons-configuration-1.6.jar:/home/user/.m2/repository/commons-digester/commons-digester/1.8/commons-digester-1.8.jar:/home/user/.m2/repository/commons-beanutils/commons-beanutils/1.7.0/commons-beanutils-1.7.0.jar:/home/user/.m2/repository/commons-beanutils/commons-beanutils-core/1.8.0/commons-beanutils-core-1.8.0.jar:/home/user/.m2/repository/org/codehaus/jackson/jackson-core-asl/1.9.13/jackson-core-asl-1.9.13.jar:/home/user/.m2/repository/org/codehaus/jackson/jackson-mapper-asl/1.9.13/jackson-mapper-asl-1.9.13.jar:/home/user/.m2/repository/org/apache/avro/avro/1.7.4/avro-1.7.4.jar:/home/user/.m2/repository/com/thoughtworks/paranamer/paranamer/2.3/paranamer-2.3.jar:/home/user/.m2/repository/org/xerial/snappy/snappy-java/1.0.4.1/snappy-java-1.0.4.1.jar:/home/user/.m2/repository/com/google/protobuf/protobuf-java/2.5.0/protobuf-java-2.5.0.jar:/home/user/.m2/repository/com/google/code/gson/gson/2.2.4/gson-2.2.4.jar:/home/user/.m2/repository/org/apache/hadoop/hadoop-auth/2.6.0/hadoop-auth-2.6.0.jar:/home/user/.m2/repository/org/apache/directory/server/apacheds-kerberos-codec/2.0.0-M15/apacheds-kerberos-codec-2.0.0-M15.jar:/home/user/.m2/repository/org/apache/directory/server/apacheds-i18n/2.0.0-M15/apacheds-i18n-2.0.0-M15.jar:/home/user/.m2/repository/org/apache/directory/api/api-asn1-api/1.0.0-M20/api-asn1-api-1.0.0-M20.jar:/home/user/.m2/repository/org/apache/directory/api/api-util/1.0.0-M20/api-util-1.0.0-M20.jar:/home/user/.m2/repository/org/apache/curator/curator-framework/2.6.0/curator-framework-2.6.0.jar:/home/user/.m2/repository/com/jcraft/jsch/0.1.42/jsch-0.1.42.jar:/home/user/.m2/repository/org/apache/curator/curator-client/2.6.0/curator-client-2.6.0.jar:/home/user/.m2/repository/org/apache/curator/curator-recipes/2.6.0/curator-recipes-2.6.0.jar:/home/user/.m2/repository/com/google/code/findbugs/jsr305/1.3.9/jsr305-1.3.9.jar:/home/user/.m2/repository/org/htrace/htrace-core/3.0.4/htrace-core-3.0.4.jar:/home/user/.m2/repository/org/apache/zookeeper/zookeeper/3.4.6/zookeeper-3.4.6.jar:/home/user/.m2/repository/io/netty/netty/3.7.0.Final/netty-3.7.0.Final.jar:/home/user/.m2/repository/org/apache/commons/commons-compress/1.4.1/commons-compress-1.4.1.jar:/home/user/.m2/repository/org/tukaani/xz/1.0/xz-1.0.jar:/home/user/.m2/repository/io/dropwizard/metrics/metrics-jvm/3.2.5/metrics-jvm-3.2.5.jar:/home/user/.m2/repository/io/dropwizard/metrics/metrics-ganglia/3.2.5/metrics-ganglia-3.2.5.jar:/home/user/.m2/repository/info/ganglia/gmetric4j/gmetric4j/1.0.7/gmetric4j-1.0.7.jar:/workdir/ratis-server/target/test-classes:/workdir/ratis-netty/target/classes:/workdir/ratis-netty/target/test-classes:/workdir/ratis-grpc/target/classes:/workdir/ratis-grpc/target/test-classes:/home/user/.m2/repository/org/slf4j/slf4j-api/1.7.10/slf4j-api-1.7.10.jar:/home/user/.m2/repository/junit/junit/4.12/junit-4.12.jar:/home/user/.m2/repository/org/hamcrest/hamcrest-core/1.3/hamcrest-core-1.3.jar:/home/user/.m2/repository/org/mockito/mockito-all/1.8.5/mockito-all-1.8.5.jar:"/>
    <property name="sun.cpu.endian" value="little"/>
    <property name="user.home" value="/home/user"/>
    <property name="user.language" value="en"/>
    <property name="java.specification.vendor" value="Oracle Corporation"/>
    <property name="java.home" value="/usr/lib/jvm/java-1.8-openjdk/jre"/>
    <property name="basedir" value="/workdir/ratis-test"/>
    <property name="file.separator" value="/"/>
    <property name="line.separator" value="&#10;"/>
    <property name="java.vm.specification.vendor" value="Oracle Corporation"/>
    <property name="java.specification.name" value="Java Platform API Specification"/>
    <property name="java.awt.graphicsenv" value="sun.awt.X11GraphicsEnvironment"/>
    <property name="surefire.real.class.path" value="/workdir/ratis-test/target/surefire/surefirebooter6734359885370677707.jar"/>
    <property name="sun.boot.class.path" value="/usr/lib/jvm/java-1.8-openjdk/jre/lib/resources.jar:/usr/lib/jvm/java-1.8-openjdk/jre/lib/rt.jar:/usr/lib/jvm/java-1.8-openjdk/jre/lib/sunrsasign.jar:/usr/lib/jvm/java-1.8-openjdk/jre/lib/jsse.jar:/usr/lib/jvm/java-1.8-openjdk/jre/lib/jce.jar:/usr/lib/jvm/java-1.8-openjdk/jre/lib/charsets.jar:/usr/lib/jvm/java-1.8-openjdk/jre/lib/jfr.jar:/usr/lib/jvm/java-1.8-openjdk/jre/classes"/>
    <property name="sun.management.compiler" value="HotSpot 64-Bit Tiered Compilers"/>
    <property name="java.runtime.version" value="1.8.0_212-b04"/>
    <property name="java.net.preferIPv4Stack" value="true"/>
    <property name="user.name" value="jenkins1000"/>
    <property name="path.separator" value=":"/>
    <property name="os.version" value="3.10.0-957.12.2.el7.x86_64"/>
    <property name="java.endorsed.dirs" value="/usr/lib/jvm/java-1.8-openjdk/jre/lib/endorsed"/>
    <property name="java.runtime.name" value="OpenJDK Runtime Environment"/>
    <property name="file.encoding" value="UTF-8"/>
    <property name="java.vm.name" value="OpenJDK 64-Bit Server VM"/>
    <property name="localRepository" value="/home/user/.m2/repository"/>
    <property name="java.vendor.url.bug" value="https://icedtea.classpath.org/bugzilla"/>
    <property name="java.io.tmpdir" value="/tmp"/>
    <property name="java.version" value="1.8.0_212"/>
    <property name="user.dir" value="/workdir/ratis-test"/>
    <property name="os.arch" value="amd64"/>
    <property name="ratis.tmp.dir" value="/workdir/ratis-test/target/tmp"/>
    <property name="java.vm.specification.name" value="Java Virtual Machine Specification"/>
    <property name="java.awt.printerjob" value="sun.print.PSPrinterJob"/>
    <property name="ratis.log.dir" value="/workdir/ratis-test/target/log"/>
    <property name="sun.os.patch.level" value="unknown"/>
    <property name="java.library.path" value="/usr/lib/jvm/java-1.8-openjdk/jre/lib/amd64/server:/usr/lib/jvm/java-1.8-openjdk/jre/lib/amd64:/usr/lib/jvm/java-1.8-openjdk/jre/../lib/amd64:/usr/java/packages/lib/amd64:/usr/lib64:/lib64:/lib:/usr/lib"/>
    <property name="java.vm.info" value="mixed mode"/>
    <property name="java.vendor" value="IcedTea"/>
    <property name="java.vm.version" value="25.212-b04"/>
    <property name="java.ext.dirs" value="/usr/lib/jvm/java-1.8-openjdk/jre/lib/ext:/usr/java/packages/lib/ext"/>
    <property name="sun.io.unicode.encoding" value="UnicodeLittle"/>
    <property name="java.class.version" value="52.0"/>
  </properties>
  <testcase name="testRetryOnStateMachineException" classname="org.apache.ratis.netty.TestRaftStateMachineExceptionWithNetty" time="2.947"/>
  <testcase name="testHandleStateMachineException" classname="org.apache.ratis.netty.TestRaftStateMachineExceptionWithNetty" time="0.571"/>
  <testcase name="testRetryOnExceptionDuringReplication" classname="org.apache.ratis.netty.TestRaftStateMachineExceptionWithNetty" time="1.072">
    <error type="java.lang.NullPointerException">java.lang.NullPointerException
</error>
    <system-out><![CDATA[2019-09-26 09:48:36,574 INFO  util.LogUtils (LogUtils.java:setLogLevel(41)) - Set org.apache.ratis.conf.ConfUtils log level to WARN
2019-09-26 09:48:36,575 INFO  util.LogUtils (LogUtils.java:setLogLevel(41)) - Set org.apache.ratis.util.FileUtils log level to TRACE
2019-09-26 09:48:36,575 INFO  util.LogUtils (LogUtils.java:setLogLevel(41)) - Set org.apache.ratis.server.impl.RaftServerImpl log level to DEBUG
2019-09-26 09:48:36,575 INFO  util.LogUtils (LogUtils.java:setLogLevel(41)) - Set org.apache.ratis.server.raftlog.RaftLog log level to DEBUG
2019-09-26 09:48:36,575 INFO  util.LogUtils (LogUtils.java:setLogLevel(41)) - Set org.apache.ratis.client.RaftClient log level to DEBUG
2019-09-26 09:48:36,576 INFO  ratis.MiniRaftCluster (MiniRaftCluster.java:runWithNewCluster(119)) - Running runWithNewCluster
2019-09-26 09:48:36,577 INFO  ratis.MiniRaftCluster (MiniRaftCluster.java:<init>(253)) - new MiniRaftClusterWithNetty with group-B66CAE6D7159:[s0:0.0.0.0:39170, s1:0.0.0.0:35507, s2:0.0.0.0:32862]
2019-09-26 09:48:36,577 INFO  ratis.MiniRaftCluster (MiniRaftCluster.java:start(287)) - .............................................................. 
2019-09-26 09:48:36,577 INFO  ratis.MiniRaftCluster (MiniRaftCluster.java:start(288)) - ... 
2019-09-26 09:48:36,577 INFO  ratis.MiniRaftCluster (MiniRaftCluster.java:start(289)) - ...     Starting MiniRaftClusterWithNetty
2019-09-26 09:48:36,578 INFO  ratis.MiniRaftCluster (MiniRaftCluster.java:start(290)) - ... 
2019-09-26 09:48:36,578 INFO  ratis.MiniRaftCluster (MiniRaftCluster.java:start(291)) - .............................................................. 
2019-09-26 09:48:36,578 INFO  ratis.MiniRaftCluster (MiniRaftCluster.java:initServers(265)) - servers = {}
2019-09-26 09:48:36,578 INFO  ratis.MiniRaftCluster (MiniRaftCluster.java:newRaftServer(330)) - newRaftServer: s0, group-B66CAE6D7159:[s0:0.0.0.0:39170, s1:0.0.0.0:35507, s2:0.0.0.0:32862], format? true
2019-09-26 09:48:36,578 TRACE util.FileUtils (FileUtils.java:deleteFully(88)) - deleteFully target/test/data/48c290c3/MiniRaftClusterWithNetty52f14dfc/s0
2019-09-26 09:48:36,579 TRACE util.FileUtils (FileUtils.java:deleteFully(104)) - deleteFully: target/test/data/48c290c3/MiniRaftClusterWithNetty52f14dfc/s0 does not exist.
2019-09-26 09:48:36,579 INFO  ratis.MiniRaftCluster (MiniRaftCluster.java:newRaftServer(335)) - Formatted directory target/test/data/48c290c3/MiniRaftClusterWithNetty52f14dfc/s0
2019-09-26 09:48:36,579 INFO  impl.RaftServerProxy (ConfUtils.java:logGet(43)) - raft.rpc.type = NETTY (custom)
2019-09-26 09:48:36,581 INFO  netty.NettyConfigKeys$Server (ConfUtils.java:logGet(43)) - raft.netty.server.port = 39170 (custom)
2019-09-26 09:48:36,582 INFO  server.RaftServerConfigKeys (ConfUtils.java:logGet(43)) - raft.server.storage.dir = [/workdir/ratis-test/target/test/data/48c290c3/MiniRaftClusterWithNetty52f14dfc/s0] (custom)
2019-09-26 09:48:36,582 INFO  logging.LoggingHandler (AbstractInternalLogger.java:log(150)) - [id: 0x354b0d0a] REGISTERED
2019-09-26 09:48:36,582 INFO  logging.LoggingHandler (AbstractInternalLogger.java:log(150)) - [id: 0x354b0d0a] BIND: 0.0.0.0/0.0.0.0:39170
2019-09-26 09:48:36,582 INFO  impl.RaftServerProxy (RaftServerProxy.java:addNew(89)) - s0: addNew group-B66CAE6D7159:[s0:0.0.0.0:39170, s1:0.0.0.0:35507, s2:0.0.0.0:32862] returns group-B66CAE6D7159:java.util.concurrent.CompletableFuture@11c2fa81[Not completed]
2019-09-26 09:48:36,583 INFO  logging.LoggingHandler (AbstractInternalLogger.java:log(150)) - [id: 0x354b0d0a, L:/0.0.0.0:39170] ACTIVE
2019-09-26 09:48:36,583 INFO  server.RaftServerConfigKeys (ConfUtils.java:logGet(43)) - raft.server.log.segment.size.max = 8MB (=8388608) (default)
2019-09-26 09:48:36,584 INFO  server.RaftServerConfigKeys (ConfUtils.java:logGet(43)) - raft.server.log.preallocated.size = 4MB (=4194304) (default)
2019-09-26 09:48:36,584 INFO  ratis.MiniRaftCluster (MiniRaftCluster.java:newRaftServer(330)) - newRaftServer: s1, group-B66CAE6D7159:[s0:0.0.0.0:39170, s1:0.0.0.0:35507, s2:0.0.0.0:32862], format? true
2019-09-26 09:48:36,584 INFO  server.RaftServerConfigKeys (ConfUtils.java:logGet(43)) - raft.server.log.write.buffer.size = 64KB (=65536) (default)
2019-09-26 09:48:36,584 TRACE util.FileUtils (FileUtils.java:deleteFully(88)) - deleteFully target/test/data/48c290c3/MiniRaftClusterWithNetty52f14dfc/s1
2019-09-26 09:48:36,584 INFO  impl.RaftServerImpl (RaftServerImpl.java:<init>(95)) - s0: new RaftServerImpl for group-B66CAE6D7159:[s0:0.0.0.0:39170, s1:0.0.0.0:35507, s2:0.0.0.0:32862] with StateMachineWithException:uninitialized
2019-09-26 09:48:36,585 TRACE util.FileUtils (FileUtils.java:deleteFully(104)) - deleteFully: target/test/data/48c290c3/MiniRaftClusterWithNetty52f14dfc/s1 does not exist.
2019-09-26 09:48:36,585 INFO  server.RaftServerConfigKeys (ConfUtils.java:logGet(43)) - raft.server.rpc.timeout.min = 150ms (default)
2019-09-26 09:48:36,585 INFO  ratis.MiniRaftCluster (MiniRaftCluster.java:newRaftServer(335)) - Formatted directory target/test/data/48c290c3/MiniRaftClusterWithNetty52f14dfc/s1
2019-09-26 09:48:36,585 INFO  server.RaftServerConfigKeys (ConfUtils.java:logGet(43)) - raft.server.rpc.timeout.max = 300ms (default)
2019-09-26 09:48:36,586 INFO  server.RaftServerConfigKeys (ConfUtils.java:logGet(43)) - raft.server.rpcslowness.timeout = 60s (default)
2019-09-26 09:48:36,586 INFO  impl.RaftServerProxy (ConfUtils.java:logGet(43)) - raft.rpc.type = NETTY (custom)
2019-09-26 09:48:36,586 INFO  server.RaftServerConfigKeys (ConfUtils.java:logGet(43)) - raft.server.sleep.deviation.threshold = 300 (default)
2019-09-26 09:48:36,586 INFO  server.RaftServerConfigKeys (ConfUtils.java:logGet(43)) - raft.server.log.appender.install.snapshot.enabled = true (default)
2019-09-26 09:48:36,587 INFO  impl.RaftServerImpl (ServerState.java:<init>(103)) - s0@group-B66CAE6D7159: ConfigurationManager, init=-1: [s0:0.0.0.0:39170, s1:0.0.0.0:35507, s2:0.0.0.0:32862], old=null, confs=<EMPTY_MAP>
2019-09-26 09:48:36,587 INFO  server.RaftServerConfigKeys (ConfUtils.java:logGet(43)) - raft.server.storage.dir = [/workdir/ratis-test/target/test/data/48c290c3/MiniRaftClusterWithNetty52f14dfc/s0] (custom)
2019-09-26 09:48:36,587 INFO  server.RaftServerConfigKeys (ConfUtils.java:logGet(43)) - raft.server.log.corruption.policy = EXCEPTION (default)
2019-09-26 09:48:36,588 INFO  storage.RaftStorageDirectory (RaftStorageDirectory.java:analyzeStorage(246)) - The storage directory /workdir/ratis-test/target/test/data/48c290c3/MiniRaftClusterWithNetty52f14dfc/s0/159c84b5-1c06-4f69-b5a5-b66cae6d7159 does not exist. Creating ...
2019-09-26 09:48:36,588 INFO  netty.NettyConfigKeys$Server (ConfUtils.java:logGet(43)) - raft.netty.server.port = 35507 (custom)
2019-09-26 09:48:36,589 TRACE util.FileUtils (LogUtils.java:runAndLog(61)) - Successfully ran Files.createDirectories /workdir/ratis-test/target/test/data/48c290c3/MiniRaftClusterWithNetty52f14dfc/s0/159c84b5-1c06-4f69-b5a5-b66cae6d7159
2019-09-26 09:48:36,589 INFO  server.RaftServerConfigKeys (ConfUtils.java:logGet(43)) - raft.server.storage.dir = [/workdir/ratis-test/target/test/data/48c290c3/MiniRaftClusterWithNetty52f14dfc/s1] (custom)
2019-09-26 09:48:36,589 INFO  logging.LoggingHandler (AbstractInternalLogger.java:log(150)) - [id: 0x587bbfc9] REGISTERED
2019-09-26 09:48:36,590 INFO  logging.LoggingHandler (AbstractInternalLogger.java:log(150)) - [id: 0x587bbfc9] BIND: 0.0.0.0/0.0.0.0:35507
2019-09-26 09:48:36,590 INFO  impl.RaftServerProxy (RaftServerProxy.java:addNew(89)) - s1: addNew group-B66CAE6D7159:[s0:0.0.0.0:39170, s1:0.0.0.0:35507, s2:0.0.0.0:32862] returns group-B66CAE6D7159:java.util.concurrent.CompletableFuture@768676a7[Not completed]
2019-09-26 09:48:36,590 INFO  logging.LoggingHandler (AbstractInternalLogger.java:log(150)) - [id: 0x587bbfc9, L:/0.0.0.0:35507] ACTIVE
2019-09-26 09:48:36,591 INFO  ratis.MiniRaftCluster (MiniRaftCluster.java:newRaftServer(330)) - newRaftServer: s2, group-B66CAE6D7159:[s0:0.0.0.0:39170, s1:0.0.0.0:35507, s2:0.0.0.0:32862], format? true
2019-09-26 09:48:36,591 INFO  server.RaftServerConfigKeys (ConfUtils.java:logGet(43)) - raft.server.log.segment.size.max = 8MB (=8388608) (default)
2019-09-26 09:48:36,591 TRACE util.FileUtils (FileUtils.java:deleteFully(88)) - deleteFully target/test/data/48c290c3/MiniRaftClusterWithNetty52f14dfc/s2
2019-09-26 09:48:36,591 INFO  server.RaftServerConfigKeys (ConfUtils.java:logGet(43)) - raft.server.log.preallocated.size = 4MB (=4194304) (default)
2019-09-26 09:48:36,591 TRACE util.FileUtils (FileUtils.java:deleteFully(104)) - deleteFully: target/test/data/48c290c3/MiniRaftClusterWithNetty52f14dfc/s2 does not exist.
2019-09-26 09:48:36,591 INFO  server.RaftServerConfigKeys (ConfUtils.java:logGet(43)) - raft.server.log.write.buffer.size = 64KB (=65536) (default)
2019-09-26 09:48:36,592 INFO  ratis.MiniRaftCluster (MiniRaftCluster.java:newRaftServer(335)) - Formatted directory target/test/data/48c290c3/MiniRaftClusterWithNetty52f14dfc/s2
2019-09-26 09:48:36,592 INFO  impl.RaftServerImpl (RaftServerImpl.java:<init>(95)) - s1: new RaftServerImpl for group-B66CAE6D7159:[s0:0.0.0.0:39170, s1:0.0.0.0:35507, s2:0.0.0.0:32862] with StateMachineWithException:uninitialized
2019-09-26 09:48:36,592 INFO  server.RaftServerConfigKeys (ConfUtils.java:logGet(43)) - raft.server.rpc.timeout.min = 150ms (default)
2019-09-26 09:48:36,592 INFO  impl.RaftServerProxy (ConfUtils.java:logGet(43)) - raft.rpc.type = NETTY (custom)
2019-09-26 09:48:36,592 INFO  server.RaftServerConfigKeys (ConfUtils.java:logGet(43)) - raft.server.rpc.timeout.max = 300ms (default)
2019-09-26 09:48:36,592 INFO  server.RaftServerConfigKeys (ConfUtils.java:logGet(43)) - raft.server.rpcslowness.timeout = 60s (default)
2019-09-26 09:48:36,593 INFO  server.RaftServerConfigKeys (ConfUtils.java:logGet(43)) - raft.server.sleep.deviation.threshold = 300 (default)
2019-09-26 09:48:36,593 INFO  server.RaftServerConfigKeys (ConfUtils.java:logGet(43)) - raft.server.log.appender.install.snapshot.enabled = true (default)
2019-09-26 09:48:36,593 INFO  impl.RaftServerImpl (ServerState.java:<init>(103)) - s1@group-B66CAE6D7159: ConfigurationManager, init=-1: [s0:0.0.0.0:39170, s1:0.0.0.0:35507, s2:0.0.0.0:32862], old=null, confs=<EMPTY_MAP>
2019-09-26 09:48:36,593 INFO  server.RaftServerConfigKeys (ConfUtils.java:logGet(43)) - raft.server.storage.dir = [/workdir/ratis-test/target/test/data/48c290c3/MiniRaftClusterWithNetty52f14dfc/s1] (custom)
2019-09-26 09:48:36,593 INFO  server.RaftServerConfigKeys (ConfUtils.java:logGet(43)) - raft.server.log.corruption.policy = EXCEPTION (default)
2019-09-26 09:48:36,594 INFO  storage.RaftStorageDirectory (RaftStorageDirectory.java:analyzeStorage(246)) - The storage directory /workdir/ratis-test/target/test/data/48c290c3/MiniRaftClusterWithNetty52f14dfc/s1/159c84b5-1c06-4f69-b5a5-b66cae6d7159 does not exist. Creating ...
2019-09-26 09:48:36,594 INFO  netty.NettyConfigKeys$Server (ConfUtils.java:logGet(43)) - raft.netty.server.port = 32862 (custom)
2019-09-26 09:48:36,594 TRACE util.FileUtils (LogUtils.java:runAndLog(61)) - Successfully ran Files.createDirectories /workdir/ratis-test/target/test/data/48c290c3/MiniRaftClusterWithNetty52f14dfc/s1/159c84b5-1c06-4f69-b5a5-b66cae6d7159
2019-09-26 09:48:36,594 INFO  server.RaftServerConfigKeys (ConfUtils.java:logGet(43)) - raft.server.storage.dir = [/workdir/ratis-test/target/test/data/48c290c3/MiniRaftClusterWithNetty52f14dfc/s2] (custom)
2019-09-26 09:48:36,594 INFO  logging.LoggingHandler (AbstractInternalLogger.java:log(150)) - [id: 0x04c446ac] REGISTERED
2019-09-26 09:48:36,595 INFO  logging.LoggingHandler (AbstractInternalLogger.java:log(150)) - [id: 0x04c446ac] BIND: 0.0.0.0/0.0.0.0:32862
2019-09-26 09:48:36,595 INFO  impl.RaftServerProxy (RaftServerProxy.java:addNew(89)) - s2: addNew group-B66CAE6D7159:[s0:0.0.0.0:39170, s1:0.0.0.0:35507, s2:0.0.0.0:32862] returns group-B66CAE6D7159:java.util.concurrent.CompletableFuture@3e2e4c9e[Not completed]
2019-09-26 09:48:36,595 INFO  logging.LoggingHandler (AbstractInternalLogger.java:log(150)) - [id: 0x04c446ac, L:/0.0.0.0:32862] ACTIVE
2019-09-26 09:48:36,596 INFO  server.RaftServerConfigKeys (ConfUtils.java:logGet(43)) - raft.server.log.segment.size.max = 8MB (=8388608) (default)
2019-09-26 09:48:36,596 INFO  server.RaftServerConfigKeys (ConfUtils.java:logGet(43)) - raft.server.log.preallocated.size = 4MB (=4194304) (default)
2019-09-26 09:48:36,596 INFO  server.RaftServerConfigKeys (ConfUtils.java:logGet(43)) - raft.server.log.write.buffer.size = 64KB (=65536) (default)
2019-09-26 09:48:36,596 INFO  impl.RaftServerImpl (RaftServerImpl.java:<init>(95)) - s2: new RaftServerImpl for group-B66CAE6D7159:[s0:0.0.0.0:39170, s1:0.0.0.0:35507, s2:0.0.0.0:32862] with StateMachineWithException:uninitialized
2019-09-26 09:48:36,596 INFO  server.RaftServerConfigKeys (ConfUtils.java:logGet(43)) - raft.server.rpc.timeout.min = 150ms (default)
2019-09-26 09:48:36,597 INFO  server.RaftServerConfigKeys (ConfUtils.java:logGet(43)) - raft.server.rpc.timeout.max = 300ms (default)
2019-09-26 09:48:36,597 INFO  server.RaftServerConfigKeys (ConfUtils.java:logGet(43)) - raft.server.rpcslowness.timeout = 60s (default)
2019-09-26 09:48:36,597 INFO  server.RaftServerConfigKeys (ConfUtils.java:logGet(43)) - raft.server.sleep.deviation.threshold = 300 (default)
2019-09-26 09:48:36,597 INFO  server.RaftServerConfigKeys (ConfUtils.java:logGet(43)) - raft.server.log.appender.install.snapshot.enabled = true (default)
2019-09-26 09:48:36,597 INFO  impl.RaftServerImpl (ServerState.java:<init>(103)) - s2@group-B66CAE6D7159: ConfigurationManager, init=-1: [s0:0.0.0.0:39170, s1:0.0.0.0:35507, s2:0.0.0.0:32862], old=null, confs=<EMPTY_MAP>
2019-09-26 09:48:36,598 INFO  server.RaftServerConfigKeys (ConfUtils.java:logGet(43)) - raft.server.storage.dir = [/workdir/ratis-test/target/test/data/48c290c3/MiniRaftClusterWithNetty52f14dfc/s2] (custom)
2019-09-26 09:48:36,598 INFO  server.RaftServerConfigKeys (ConfUtils.java:logGet(43)) - raft.server.log.corruption.policy = EXCEPTION (default)
2019-09-26 09:48:36,598 INFO  storage.RaftStorageDirectory (RaftStorageDirectory.java:analyzeStorage(246)) - The storage directory /workdir/ratis-test/target/test/data/48c290c3/MiniRaftClusterWithNetty52f14dfc/s2/159c84b5-1c06-4f69-b5a5-b66cae6d7159 does not exist. Creating ...
2019-09-26 09:48:36,599 TRACE util.FileUtils (LogUtils.java:runAndLog(61)) - Successfully ran Files.createDirectories /workdir/ratis-test/target/test/data/48c290c3/MiniRaftClusterWithNetty52f14dfc/s2/159c84b5-1c06-4f69-b5a5-b66cae6d7159
2019-09-26 09:48:36,602 INFO  storage.RaftStorageDirectory (RaftStorageDirectory.java:tryLock(328)) - Lock on /workdir/ratis-test/target/test/data/48c290c3/MiniRaftClusterWithNetty52f14dfc/s0/159c84b5-1c06-4f69-b5a5-b66cae6d7159/in_use.lock acquired by nodename 21038@ratis-test-kn96w-682825239
2019-09-26 09:48:36,603 INFO  storage.RaftStorageDirectory (RaftStorageDirectory.java:tryLock(328)) - Lock on /workdir/ratis-test/target/test/data/48c290c3/MiniRaftClusterWithNetty52f14dfc/s2/159c84b5-1c06-4f69-b5a5-b66cae6d7159/in_use.lock acquired by nodename 21038@ratis-test-kn96w-682825239
2019-09-26 09:48:36,603 TRACE util.FileUtils (LogUtils.java:runAndLog(61)) - Successfully ran Files.createDirectories /workdir/ratis-test/target/test/data/48c290c3/MiniRaftClusterWithNetty52f14dfc/s0/159c84b5-1c06-4f69-b5a5-b66cae6d7159/current
2019-09-26 09:48:36,603 INFO  storage.RaftStorageDirectory (RaftStorageDirectory.java:tryLock(328)) - Lock on /workdir/ratis-test/target/test/data/48c290c3/MiniRaftClusterWithNetty52f14dfc/s1/159c84b5-1c06-4f69-b5a5-b66cae6d7159/in_use.lock acquired by nodename 21038@ratis-test-kn96w-682825239
2019-09-26 09:48:36,603 TRACE util.FileUtils (LogUtils.java:runAndLog(61)) - Successfully ran Files.createDirectories /workdir/ratis-test/target/test/data/48c290c3/MiniRaftClusterWithNetty52f14dfc/s0/159c84b5-1c06-4f69-b5a5-b66cae6d7159/sm
2019-09-26 09:48:36,603 TRACE util.FileUtils (LogUtils.java:runAndLog(61)) - Successfully ran Files.createDirectories /workdir/ratis-test/target/test/data/48c290c3/MiniRaftClusterWithNetty52f14dfc/s2/159c84b5-1c06-4f69-b5a5-b66cae6d7159/current
2019-09-26 09:48:36,603 TRACE util.FileUtils (LogUtils.java:runAndLog(61)) - Successfully ran Files.createDirectories /workdir/ratis-test/target/test/data/48c290c3/MiniRaftClusterWithNetty52f14dfc/s1/159c84b5-1c06-4f69-b5a5-b66cae6d7159/current
2019-09-26 09:48:36,604 TRACE util.FileUtils (LogUtils.java:runAndLog(61)) - Successfully ran Files.createDirectories /workdir/ratis-test/target/test/data/48c290c3/MiniRaftClusterWithNetty52f14dfc/s2/159c84b5-1c06-4f69-b5a5-b66cae6d7159/sm
2019-09-26 09:48:36,604 TRACE util.FileUtils (LogUtils.java:runAndLog(61)) - Successfully ran Files.createDirectories /workdir/ratis-test/target/test/data/48c290c3/MiniRaftClusterWithNetty52f14dfc/s1/159c84b5-1c06-4f69-b5a5-b66cae6d7159/sm
2019-09-26 09:48:36,617 INFO  storage.RaftStorage (RaftStorage.java:format(84)) - Storage directory /workdir/ratis-test/target/test/data/48c290c3/MiniRaftClusterWithNetty52f14dfc/s2/159c84b5-1c06-4f69-b5a5-b66cae6d7159 has been successfully formatted.
2019-09-26 09:48:36,617 INFO  storage.RaftStorage (RaftStorage.java:format(84)) - Storage directory /workdir/ratis-test/target/test/data/48c290c3/MiniRaftClusterWithNetty52f14dfc/s0/159c84b5-1c06-4f69-b5a5-b66cae6d7159 has been successfully formatted.
2019-09-26 09:48:36,617 INFO  storage.RaftStorage (RaftStorage.java:format(84)) - Storage directory /workdir/ratis-test/target/test/data/48c290c3/MiniRaftClusterWithNetty52f14dfc/s1/159c84b5-1c06-4f69-b5a5-b66cae6d7159 has been successfully formatted.
2019-09-26 09:48:36,617 INFO  statemachine.SimpleStateMachine4Testing (SimpleStateMachine4Testing.java:initialize(206)) - Initializing StateMachineWithException:uninitialized
2019-09-26 09:48:36,617 INFO  statemachine.SimpleStateMachine4Testing (SimpleStateMachine4Testing.java:initialize(206)) - Initializing StateMachineWithException:uninitialized
2019-09-26 09:48:36,617 INFO  statemachine.SimpleStateMachine4Testing (SimpleStateMachine4Testing.java:initialize(206)) - Initializing StateMachineWithException:uninitialized
2019-09-26 09:48:36,617 INFO  statemachine.SimpleStateMachine4Testing (SimpleStateMachine4Testing.java:loadSnapshot(296)) - The snapshot file null does not exist
2019-09-26 09:48:36,617 INFO  statemachine.SimpleStateMachine4Testing (SimpleStateMachine4Testing.java:loadSnapshot(296)) - The snapshot file null does not exist
2019-09-26 09:48:36,617 INFO  statemachine.SimpleStateMachine4Testing (SimpleStateMachine4Testing.java:loadSnapshot(296)) - The snapshot file null does not exist
2019-09-26 09:48:36,618 INFO  server.RaftServerConfigKeys (ConfUtils.java:logGet(43)) - raft.server.notification.no-leader.timeout = 60s (default)
2019-09-26 09:48:36,618 INFO  server.RaftServerConfigKeys (ConfUtils.java:logGet(43)) - raft.server.notification.no-leader.timeout = 60s (default)
2019-09-26 09:48:36,618 INFO  server.RaftServerConfigKeys (ConfUtils.java:logGet(43)) - raft.server.log.use.memory = false (default)
2019-09-26 09:48:36,618 INFO  server.RaftServerConfigKeys (ConfUtils.java:logGet(43)) - raft.server.notification.no-leader.timeout = 60s (default)
2019-09-26 09:48:36,618 INFO  server.RaftServerConfigKeys (ConfUtils.java:logGet(43)) - raft.server.log.purge.gap = 1024 (default)
2019-09-26 09:48:36,618 INFO  server.RaftServerConfigKeys (ConfUtils.java:logGet(43)) - raft.server.log.use.memory = false (default)
2019-09-26 09:48:36,618 INFO  server.RaftServerConfigKeys (ConfUtils.java:logGet(43)) - raft.server.log.appender.buffer.byte-limit = 4MB (=4194304) (default)
2019-09-26 09:48:36,618 INFO  server.RaftServerConfigKeys (ConfUtils.java:logGet(43)) - raft.server.log.use.memory = false (default)
2019-09-26 09:48:36,619 INFO  server.RaftServerConfigKeys (ConfUtils.java:logGet(43)) - raft.server.log.segment.size.max = 8MB (=8388608) (default)
2019-09-26 09:48:36,618 INFO  server.RaftServerConfigKeys (ConfUtils.java:logGet(43)) - raft.server.log.purge.gap = 1024 (default)
2019-09-26 09:48:36,619 INFO  server.RaftServerConfigKeys (ConfUtils.java:logGet(43)) - raft.server.log.segment.cache.num.max = 6 (default)
2019-09-26 09:48:36,619 INFO  server.RaftServerConfigKeys (ConfUtils.java:logGet(43)) - raft.server.log.purge.gap = 1024 (default)
2019-09-26 09:48:36,619 INFO  segmented.SegmentedRaftLogWorker (SegmentedRaftLogWorker.java:<init>(172)) - new s2@group-B66CAE6D7159-SegmentedRaftLogWorker for RaftStorage:Storage Directory /workdir/ratis-test/target/test/data/48c290c3/MiniRaftClusterWithNetty52f14dfc/s2/159c84b5-1c06-4f69-b5a5-b66cae6d7159
2019-09-26 09:48:36,619 INFO  server.RaftServerConfigKeys (ConfUtils.java:logGet(43)) - raft.server.log.appender.buffer.byte-limit = 4MB (=4194304) (default)
2019-09-26 09:48:36,619 INFO  server.RaftServerConfigKeys (ConfUtils.java:logGet(43)) - raft.server.log.queue.byte-limit = 64MB (=67108864) (default)
2019-09-26 09:48:36,619 INFO  server.RaftServerConfigKeys (ConfUtils.java:logGet(43)) - raft.server.log.appender.buffer.byte-limit = 4MB (=4194304) (default)
2019-09-26 09:48:36,619 INFO  server.RaftServerConfigKeys (ConfUtils.java:logGet(43)) - raft.server.log.queue.element-limit = 4096 (default)
2019-09-26 09:48:36,619 INFO  server.RaftServerConfigKeys (ConfUtils.java:logGet(43)) - raft.server.log.segment.size.max = 8MB (=8388608) (default)
2019-09-26 09:48:36,620 INFO  server.RaftServerConfigKeys (ConfUtils.java:logGet(43)) - raft.server.log.segment.size.max = 8MB (=8388608) (default)
2019-09-26 09:48:36,620 INFO  server.RaftServerConfigKeys (ConfUtils.java:logGet(43)) - raft.server.log.segment.size.max = 8MB (=8388608) (default)
2019-09-26 09:48:36,620 INFO  server.RaftServerConfigKeys (ConfUtils.java:logGet(43)) - raft.server.log.preallocated.size = 4MB (=4194304) (default)
2019-09-26 09:48:36,620 INFO  server.RaftServerConfigKeys (ConfUtils.java:logGet(43)) - raft.server.log.segment.cache.num.max = 6 (default)
2019-09-26 09:48:36,620 INFO  server.RaftServerConfigKeys (ConfUtils.java:logGet(43)) - raft.server.log.write.buffer.size = 64KB (=65536) (default)
2019-09-26 09:48:36,620 INFO  server.RaftServerConfigKeys (ConfUtils.java:logGet(43)) - raft.server.log.segment.cache.num.max = 6 (default)
2019-09-26 09:48:36,620 INFO  server.RaftServerConfigKeys (ConfUtils.java:logGet(43)) - raft.server.log.force.sync.num = 128 (default)
2019-09-26 09:48:36,620 INFO  segmented.SegmentedRaftLogWorker (SegmentedRaftLogWorker.java:<init>(172)) - new s0@group-B66CAE6D7159-SegmentedRaftLogWorker for RaftStorage:Storage Directory /workdir/ratis-test/target/test/data/48c290c3/MiniRaftClusterWithNetty52f14dfc/s0/159c84b5-1c06-4f69-b5a5-b66cae6d7159
2019-09-26 09:48:36,621 INFO  server.RaftServerConfigKeys (ConfUtils.java:logGet(43)) - raft.server.log.statemachine.data.sync = true (default)
2019-09-26 09:48:36,621 INFO  segmented.SegmentedRaftLogWorker (SegmentedRaftLogWorker.java:<init>(172)) - new s1@group-B66CAE6D7159-SegmentedRaftLogWorker for RaftStorage:Storage Directory /workdir/ratis-test/target/test/data/48c290c3/MiniRaftClusterWithNetty52f14dfc/s1/159c84b5-1c06-4f69-b5a5-b66cae6d7159
2019-09-26 09:48:36,621 INFO  server.RaftServerConfigKeys (ConfUtils.java:logGet(43)) - raft.server.log.statemachine.data.sync.timeout = 10s (default)
2019-09-26 09:48:36,621 INFO  server.RaftServerConfigKeys (ConfUtils.java:logGet(43)) - raft.server.log.queue.byte-limit = 64MB (=67108864) (default)
2019-09-26 09:48:36,621 INFO  server.RaftServerConfigKeys (ConfUtils.java:logGet(43)) - raft.server.log.statemachine.data.sync.timeout.retry = -1 (default)
2019-09-26 09:48:36,621 INFO  server.RaftServerConfigKeys (ConfUtils.java:logGet(43)) - raft.server.log.queue.byte-limit = 64MB (=67108864) (default)
2019-09-26 09:48:36,621 INFO  server.RaftServerConfigKeys (ConfUtils.java:logGet(43)) - raft.server.log.statemachine.data.caching.enabled = false (default)
2019-09-26 09:48:36,621 INFO  server.RaftServerConfigKeys (ConfUtils.java:logGet(43)) - raft.server.log.queue.element-limit = 4096 (default)
2019-09-26 09:48:36,621 INFO  server.RaftServerConfigKeys (ConfUtils.java:logGet(43)) - raft.server.log.queue.element-limit = 4096 (default)
2019-09-26 09:48:36,622 INFO  server.RaftServerConfigKeys (ConfUtils.java:logGet(43)) - raft.server.log.segment.size.max = 8MB (=8388608) (default)
2019-09-26 09:48:36,622 INFO  segmented.SegmentedRaftLogWorker (SegmentedRaftLogWorker.java:lambda$new$0(132)) - s2@group-B66CAE6D7159-SegmentedRaftLogWorker: flushIndex: setUnconditionally 0 -> -1
2019-09-26 09:48:36,622 INFO  server.RaftServerConfigKeys (ConfUtils.java:logGet(43)) - raft.server.log.preallocated.size = 4MB (=4194304) (default)
2019-09-26 09:48:36,622 INFO  server.RaftServerConfigKeys (ConfUtils.java:logGet(43)) - raft.server.log.segment.size.max = 8MB (=8388608) (default)
2019-09-26 09:48:36,622 INFO  server.RaftServerConfigKeys (ConfUtils.java:logGet(43)) - raft.server.snapshot.auto.trigger.enabled = false (default)
2019-09-26 09:48:36,622 INFO  server.RaftServerConfigKeys (ConfUtils.java:logGet(43)) - raft.server.log.write.buffer.size = 64KB (=65536) (default)
2019-09-26 09:48:36,622 INFO  server.RaftServerConfigKeys (ConfUtils.java:logGet(43)) - raft.server.snapshot.retention.file.num = -1 (default)
2019-09-26 09:48:36,622 INFO  server.RaftServerConfigKeys (ConfUtils.java:logGet(43)) - raft.server.log.preallocated.size = 4MB (=4194304) (default)
2019-09-26 09:48:36,623 INFO  server.RaftServerConfigKeys (ConfUtils.java:logGet(43)) - raft.server.retrycache.expirytime = 60s (default)
2019-09-26 09:48:36,623 INFO  server.RaftServerConfigKeys (ConfUtils.java:logGet(43)) - raft.server.log.force.sync.num = 128 (default)
2019-09-26 09:48:36,623 INFO  server.RaftServerConfigKeys (ConfUtils.java:logGet(43)) - raft.server.log.write.buffer.size = 64KB (=65536) (default)
2019-09-26 09:48:36,623 INFO  server.RaftServerConfigKeys (ConfUtils.java:logGet(43)) - raft.server.log.statemachine.data.sync = true (default)
2019-09-26 09:48:36,623 INFO  server.RaftServerConfigKeys (ConfUtils.java:logGet(43)) - raft.server.log.force.sync.num = 128 (default)
2019-09-26 09:48:36,623 INFO  server.RaftServerConfigKeys (ConfUtils.java:logGet(43)) - raft.server.log.statemachine.data.sync.timeout = 10s (default)
2019-09-26 09:48:36,623 INFO  server.RaftServerConfigKeys (ConfUtils.java:logGet(43)) - raft.server.log.statemachine.data.sync = true (default)
2019-09-26 09:48:36,623 INFO  server.RaftServerConfigKeys (ConfUtils.java:logGet(43)) - raft.server.log.statemachine.data.sync.timeout.retry = -1 (default)
2019-09-26 09:48:36,624 INFO  server.RaftServerConfigKeys (ConfUtils.java:logGet(43)) - raft.server.log.statemachine.data.sync.timeout = 10s (default)
2019-09-26 09:48:36,624 INFO  server.RaftServerConfigKeys (ConfUtils.java:logGet(43)) - raft.server.log.statemachine.data.caching.enabled = false (default)
2019-09-26 09:48:36,624 INFO  server.RaftServerConfigKeys (ConfUtils.java:logGet(43)) - raft.server.log.statemachine.data.sync.timeout.retry = -1 (default)
2019-09-26 09:48:36,624 INFO  server.RaftServerConfigKeys (ConfUtils.java:logGet(43)) - raft.server.log.statemachine.data.caching.enabled = false (default)
2019-09-26 09:48:36,624 INFO  segmented.SegmentedRaftLogWorker (SegmentedRaftLogWorker.java:lambda$new$0(132)) - s0@group-B66CAE6D7159-SegmentedRaftLogWorker: flushIndex: setUnconditionally 0 -> -1
2019-09-26 09:48:36,624 INFO  segmented.SegmentedRaftLogWorker (SegmentedRaftLogWorker.java:lambda$new$0(132)) - s1@group-B66CAE6D7159-SegmentedRaftLogWorker: flushIndex: setUnconditionally 0 -> -1
2019-09-26 09:48:36,624 INFO  server.RaftServerConfigKeys (ConfUtils.java:logGet(43)) - raft.server.snapshot.auto.trigger.enabled = false (default)
2019-09-26 09:48:36,625 INFO  server.RaftServerConfigKeys (ConfUtils.java:logGet(43)) - raft.server.snapshot.retention.file.num = -1 (default)
2019-09-26 09:48:36,625 INFO  server.RaftServerConfigKeys (ConfUtils.java:logGet(43)) - raft.server.snapshot.auto.trigger.enabled = false (default)
2019-09-26 09:48:36,625 INFO  server.RaftServerConfigKeys (ConfUtils.java:logGet(43)) - raft.server.retrycache.expirytime = 60s (default)
2019-09-26 09:48:36,625 INFO  server.RaftServerConfigKeys (ConfUtils.java:logGet(43)) - raft.server.snapshot.retention.file.num = -1 (default)
2019-09-26 09:48:36,625 INFO  server.RaftServerConfigKeys (ConfUtils.java:logGet(43)) - raft.server.retrycache.expirytime = 60s (default)
2019-09-26 09:48:36,628 INFO  impl.RaftServerImpl (RaftServerImpl.java:start(181)) - s0@group-B66CAE6D7159: start as a follower, conf=-1: [s0:0.0.0.0:39170, s1:0.0.0.0:35507, s2:0.0.0.0:32862], old=null
2019-09-26 09:48:36,628 INFO  impl.RaftServerImpl (RaftServerImpl.java:setRole(170)) - s0@group-B66CAE6D7159: changes role from      null to FOLLOWER at term 0 for startAsFollower
2019-09-26 09:48:36,628 INFO  impl.RoleInfo (RoleInfo.java:updateAndGet(143)) - s0: start FollowerState
2019-09-26 09:48:36,628 INFO  util.JmxRegister (JmxRegister.java:tryRegister(44)) - Successfully registered JMX Bean with object name Ratis:service=RaftServer,group=group-B66CAE6D7159,id=s0
2019-09-26 09:48:36,631 INFO  impl.RaftServerProxy (RaftServerProxy.java:lambda$start$3(299)) - s0: start RPC server
2019-09-26 09:48:36,632 INFO  impl.RaftServerImpl (RaftServerImpl.java:start(181)) - s1@group-B66CAE6D7159: start as a follower, conf=-1: [s0:0.0.0.0:39170, s1:0.0.0.0:35507, s2:0.0.0.0:32862], old=null
2019-09-26 09:48:36,632 INFO  impl.RaftServerImpl (RaftServerImpl.java:setRole(170)) - s1@group-B66CAE6D7159: changes role from      null to FOLLOWER at term 0 for startAsFollower
2019-09-26 09:48:36,632 INFO  impl.RoleInfo (RoleInfo.java:updateAndGet(143)) - s1: start FollowerState
2019-09-26 09:48:36,632 INFO  util.JmxRegister (JmxRegister.java:tryRegister(44)) - Successfully registered JMX Bean with object name Ratis:service=RaftServer,group=group-B66CAE6D7159,id=s1
2019-09-26 09:48:36,635 INFO  impl.RaftServerProxy (RaftServerProxy.java:lambda$start$3(299)) - s1: start RPC server
2019-09-26 09:48:36,635 INFO  impl.RaftServerImpl (RaftServerImpl.java:start(181)) - s2@group-B66CAE6D7159: start as a follower, conf=-1: [s0:0.0.0.0:39170, s1:0.0.0.0:35507, s2:0.0.0.0:32862], old=null
2019-09-26 09:48:36,635 INFO  impl.RaftServerImpl (RaftServerImpl.java:setRole(170)) - s2@group-B66CAE6D7159: changes role from      null to FOLLOWER at term 0 for startAsFollower
2019-09-26 09:48:36,636 INFO  impl.RoleInfo (RoleInfo.java:updateAndGet(143)) - s2: start FollowerState
2019-09-26 09:48:36,636 INFO  util.JmxRegister (JmxRegister.java:tryRegister(44)) - Successfully registered JMX Bean with object name Ratis:service=RaftServer,group=group-B66CAE6D7159,id=s2
2019-09-26 09:48:36,639 INFO  impl.RaftServerProxy (RaftServerProxy.java:lambda$start$3(299)) - s2: start RPC server
2019-09-26 09:48:36,639 INFO  server.RaftServerConfigKeys (ConfUtils.java:logGet(43)) - raft.server.rpc.timeout.max = 300ms (default)
2019-09-26 09:48:36,639 INFO  ratis.RaftTestUtil (RaftTestUtil.java:waitForLeader(86)) - printing ALL groups
  s0:  RUNNING  FOLLOWER s0@group-B66CAE6D7159:t0, leader=null, voted=null, raftlog=s0@group-B66CAE6D7159-SegmentedRaftLog:OPENED:c-1,f-1,i0, conf=-1: [s0:0.0.0.0:39170, s1:0.0.0.0:35507, s2:0.0.0.0:32862], old=null RUNNING
  s1:  RUNNING  FOLLOWER s1@group-B66CAE6D7159:t0, leader=null, voted=null, raftlog=s1@group-B66CAE6D7159-SegmentedRaftLog:OPENED:c-1,f-1,i0, conf=-1: [s0:0.0.0.0:39170, s1:0.0.0.0:35507, s2:0.0.0.0:32862], old=null RUNNING
  s2:  RUNNING  FOLLOWER s2@group-B66CAE6D7159:t0, leader=null, voted=null, raftlog=s2@group-B66CAE6D7159-SegmentedRaftLog:OPENED:c-1,f-1,i0, conf=-1: [s0:0.0.0.0:39170, s1:0.0.0.0:35507, s2:0.0.0.0:32862], old=null RUNNING
2019-09-26 09:48:36,640 WARN  ratis.RaftTestUtil (JavaUtils.java:attempt(158)) - FAILED "waitForLeader-null-(expectLeader? true)", attempt #1/100: java.lang.IllegalStateException: No leader yet : printing ALL groups
  s0:  RUNNING  FOLLOWER s0@group-B66CAE6D7159:t0, leader=null, voted=null, raftlog=s0@group-B66CAE6D7159-SegmentedRaftLog:OPENED:c-1,f-1,i0, conf=-1: [s0:0.0.0.0:39170, s1:0.0.0.0:35507, s2:0.0.0.0:32862], old=null RUNNING
  s1:  RUNNING  FOLLOWER s1@group-B66CAE6D7159:t0, leader=null, voted=null, raftlog=s1@group-B66CAE6D7159-SegmentedRaftLog:OPENED:c-1,f-1,i0, conf=-1: [s0:0.0.0.0:39170, s1:0.0.0.0:35507, s2:0.0.0.0:32862], old=null RUNNING
  s2:  RUNNING  FOLLOWER s2@group-B66CAE6D7159:t0, leader=null, voted=null, raftlog=s2@group-B66CAE6D7159-SegmentedRaftLog:OPENED:c-1,f-1,i0, conf=-1: [s0:0.0.0.0:39170, s1:0.0.0.0:35507, s2:0.0.0.0:32862], old=null RUNNING, sleep 450ms and then retry.
java.lang.IllegalStateException: No leader yet : printing ALL groups
  s0:  RUNNING  FOLLOWER s0@group-B66CAE6D7159:t0, leader=null, voted=null, raftlog=s0@group-B66CAE6D7159-SegmentedRaftLog:OPENED:c-1,f-1,i0, conf=-1: [s0:0.0.0.0:39170, s1:0.0.0.0:35507, s2:0.0.0.0:32862], old=null RUNNING
  s1:  RUNNING  FOLLOWER s1@group-B66CAE6D7159:t0, leader=null, voted=null, raftlog=s1@group-B66CAE6D7159-SegmentedRaftLog:OPENED:c-1,f-1,i0, conf=-1: [s0:0.0.0.0:39170, s1:0.0.0.0:35507, s2:0.0.0.0:32862], old=null RUNNING
  s2:  RUNNING  FOLLOWER s2@group-B66CAE6D7159:t0, leader=null, voted=null, raftlog=s2@group-B66CAE6D7159-SegmentedRaftLog:OPENED:c-1,f-1,i0, conf=-1: [s0:0.0.0.0:39170, s1:0.0.0.0:35507, s2:0.0.0.0:32862], old=null RUNNING
	at org.apache.ratis.MiniRaftCluster.newIllegalStateExceptionForNoLeaders(MiniRaftCluster.java:506)
	at org.apache.ratis.RaftTestUtil.lambda$waitForLeader$1(RaftTestUtil.java:90)
	at org.apache.ratis.MiniRaftCluster.getLeader(MiniRaftCluster.java:539)
	at org.apache.ratis.MiniRaftCluster.getLeader(MiniRaftCluster.java:532)
	at org.apache.ratis.RaftTestUtil.lambda$waitForLeader$3(RaftTestUtil.java:98)
	at org.apache.ratis.util.JavaUtils.attempt(JavaUtils.java:152)
	at org.apache.ratis.RaftTestUtil.waitForLeader(RaftTestUtil.java:97)
	at org.apache.ratis.RaftTestUtil.waitForLeader(RaftTestUtil.java:77)
	at org.apache.ratis.RaftTestUtil.waitForLeader(RaftTestUtil.java:72)
	at org.apache.ratis.server.impl.RaftStateMachineExceptionTests.runTestRetryOnExceptionDuringReplication(RaftStateMachineExceptionTests.java:149)
	at org.apache.ratis.MiniRaftCluster$Factory$Get.runWithNewCluster(MiniRaftCluster.java:125)
	at org.apache.ratis.MiniRaftCluster$Factory$Get.runWithNewCluster(MiniRaftCluster.java:113)
	at org.apache.ratis.server.impl.RaftStateMachineExceptionTests.testRetryOnExceptionDuringReplication(RaftStateMachineExceptionTests.java:145)
	at sun.reflect.NativeMethodAccessorImpl.invoke0(Native Method)
	at sun.reflect.NativeMethodAccessorImpl.invoke(NativeMethodAccessorImpl.java:62)
	at sun.reflect.DelegatingMethodAccessorImpl.invoke(DelegatingMethodAccessorImpl.java:43)
	at java.lang.reflect.Method.invoke(Method.java:498)
	at org.junit.runners.model.FrameworkMethod$1.runReflectiveCall(FrameworkMethod.java:50)
	at org.junit.internal.runners.model.ReflectiveCallable.run(ReflectiveCallable.java:12)
	at org.junit.runners.model.FrameworkMethod.invokeExplosively(FrameworkMethod.java:47)
	at org.junit.internal.runners.statements.InvokeMethod.evaluate(InvokeMethod.java:17)
	at org.junit.internal.runners.statements.RunAfters.evaluate(RunAfters.java:27)
	at org.junit.internal.runners.statements.FailOnTimeout$CallableStatement.call(FailOnTimeout.java:298)
	at org.junit.internal.runners.statements.FailOnTimeout$CallableStatement.call(FailOnTimeout.java:292)
	at java.util.concurrent.FutureTask.run(FutureTask.java:266)
	at java.lang.Thread.run(Thread.java:748)
2019-09-26 09:48:36,794 INFO  impl.FollowerState (FollowerState.java:run(108)) - s1@group-B66CAE6D7159-FollowerState: change to CANDIDATE, lastRpcTime:161ms, electionTimeout:161ms
2019-09-26 09:48:36,794 INFO  impl.RoleInfo (RoleInfo.java:shutdownFollowerState(121)) - s1: shutdown FollowerState
2019-09-26 09:48:36,794 INFO  impl.RaftServerImpl (RaftServerImpl.java:setRole(170)) - s1@group-B66CAE6D7159: changes role from  FOLLOWER to CANDIDATE at term 0 for changeToCandidate
2019-09-26 09:48:36,794 INFO  impl.RoleInfo (RoleInfo.java:updateAndGet(143)) - s1: start LeaderElection
2019-09-26 09:48:36,809 INFO  impl.LeaderElection (LeaderElection.java:askForVotes(178)) - s1@group-B66CAE6D7159-LeaderElection6: begin an election at term 1 for -1: [s0:0.0.0.0:39170, s1:0.0.0.0:35507, s2:0.0.0.0:32862], old=null
2019-09-26 09:48:36,815 INFO  logging.LoggingHandler (AbstractInternalLogger.java:log(150)) - [id: 0x354b0d0a, L:/0.0.0.0:39170] READ: [id: 0xa785ce4d, L:/192.168.30.59:39170 - R:/192.168.30.59:35874]
2019-09-26 09:48:36,815 INFO  logging.LoggingHandler (AbstractInternalLogger.java:log(150)) - [id: 0x04c446ac, L:/0.0.0.0:32862] READ: [id: 0xe6849aa1, L:/192.168.30.59:32862 - R:/192.168.30.59:44648]
2019-09-26 09:48:36,816 INFO  logging.LoggingHandler (AbstractInternalLogger.java:log(150)) - [id: 0x354b0d0a, L:/0.0.0.0:39170] READ COMPLETE
2019-09-26 09:48:36,816 INFO  logging.LoggingHandler (AbstractInternalLogger.java:log(150)) - [id: 0x04c446ac, L:/0.0.0.0:32862] READ COMPLETE
2019-09-26 09:48:36,821 DEBUG impl.RaftServerImpl (RaftServerImpl.java:requestVote(743)) - s2@group-B66CAE6D7159: receive requestVote(s1, group-B66CAE6D7159, 1, (t:0, i:0))
2019-09-26 09:48:36,821 DEBUG impl.RaftServerImpl (RaftServerImpl.java:requestVote(743)) - s0@group-B66CAE6D7159: receive requestVote(s1, group-B66CAE6D7159, 1, (t:0, i:0))
2019-09-26 09:48:36,821 INFO  impl.RaftServerImpl (RaftServerImpl.java:setRole(170)) - s2@group-B66CAE6D7159: changes role from  FOLLOWER to FOLLOWER at term 1 for recognizeCandidate:s1
2019-09-26 09:48:36,821 INFO  impl.RaftServerImpl (RaftServerImpl.java:setRole(170)) - s0@group-B66CAE6D7159: changes role from  FOLLOWER to FOLLOWER at term 1 for recognizeCandidate:s1
2019-09-26 09:48:36,822 INFO  impl.RoleInfo (RoleInfo.java:shutdownFollowerState(121)) - s2: shutdown FollowerState
2019-09-26 09:48:36,822 INFO  impl.RoleInfo (RoleInfo.java:shutdownFollowerState(121)) - s0: shutdown FollowerState
2019-09-26 09:48:36,822 INFO  impl.FollowerState (FollowerState.java:run(117)) - s2@group-B66CAE6D7159-FollowerState was interrupted: java.lang.InterruptedException: sleep interrupted
2019-09-26 09:48:36,823 INFO  impl.RoleInfo (RoleInfo.java:updateAndGet(143)) - s0: start FollowerState
2019-09-26 09:48:36,822 INFO  impl.RoleInfo (RoleInfo.java:updateAndGet(143)) - s2: start FollowerState
2019-09-26 09:48:36,823 INFO  impl.FollowerState (FollowerState.java:run(117)) - s0@group-B66CAE6D7159-FollowerState was interrupted: java.lang.InterruptedException: sleep interrupted
2019-09-26 09:48:36,837 DEBUG impl.RaftServerImpl (RaftServerImpl.java:requestVote(775)) - s2@group-B66CAE6D7159 replies to vote request: s1<-s2#0:OK-t1. Peer's state: s2@group-B66CAE6D7159:t1, leader=null, voted=s1, raftlog=s2@group-B66CAE6D7159-SegmentedRaftLog:OPENED:c-1,f-1,i0, conf=-1: [s0:0.0.0.0:39170, s1:0.0.0.0:35507, s2:0.0.0.0:32862], old=null
2019-09-26 09:48:36,837 DEBUG impl.RaftServerImpl (RaftServerImpl.java:requestVote(775)) - s0@group-B66CAE6D7159 replies to vote request: s1<-s0#0:OK-t1. Peer's state: s0@group-B66CAE6D7159:t1, leader=null, voted=s1, raftlog=s0@group-B66CAE6D7159-SegmentedRaftLog:OPENED:c-1,f-1,i0, conf=-1: [s0:0.0.0.0:39170, s1:0.0.0.0:35507, s2:0.0.0.0:32862], old=null
2019-09-26 09:48:36,839 INFO  impl.LeaderElection (LeaderElection.java:logAndReturn(56)) - s1@group-B66CAE6D7159-LeaderElection6: Election PASSED; received 1 response(s) [s1<-s2#0:OK-t1] and 0 exception(s); s1@group-B66CAE6D7159:t1, leader=null, voted=s1, raftlog=s1@group-B66CAE6D7159-SegmentedRaftLog:OPENED:c-1,f-1,i0, conf=-1: [s0:0.0.0.0:39170, s1:0.0.0.0:35507, s2:0.0.0.0:32862], old=null
2019-09-26 09:48:36,839 INFO  impl.RoleInfo (RoleInfo.java:shutdownLeaderElection(134)) - s1: shutdown LeaderElection
2019-09-26 09:48:36,841 INFO  impl.RaftServerImpl (RaftServerImpl.java:setRole(170)) - s1@group-B66CAE6D7159: changes role from CANDIDATE to LEADER at term 1 for changeToLeader
2019-09-26 09:48:36,841 INFO  impl.RaftServerImpl (ServerState.java:setLeader(254)) - s1@group-B66CAE6D7159: change Leader from null to s1 at term 1 for becomeLeader, leader elected after 223ms
2019-09-26 09:48:36,842 INFO  server.RaftServerConfigKeys (ConfUtils.java:logGet(43)) - raft.server.staging.catchup.gap = 1000 (default)
2019-09-26 09:48:36,842 INFO  server.RaftServerConfigKeys (ConfUtils.java:logGet(43)) - raft.server.rpc.sleep.time = 25ms (default)
2019-09-26 09:48:36,842 INFO  server.RaftServerConfigKeys (ConfUtils.java:logGet(43)) - raft.server.write.element-limit = 4096 (default)
2019-09-26 09:48:36,842 INFO  server.RaftServerConfigKeys (ConfUtils.java:logGet(43)) - raft.server.watch.timeout = 10s (default)
2019-09-26 09:48:36,843 INFO  server.RaftServerConfigKeys (ConfUtils.java:logGet(43)) - raft.server.watch.timeout.denomination = 1s (default)
2019-09-26 09:48:36,843 INFO  server.RaftServerConfigKeys (ConfUtils.java:logGet(43)) - raft.server.watch.element-limit = 65536 (default)
2019-09-26 09:48:36,846 INFO  server.RaftServerConfigKeys (ConfUtils.java:logGet(43)) - raft.server.log.appender.snapshot.chunk.size.max = 16MB (=16777216) (default)
2019-09-26 09:48:36,846 INFO  server.RaftServerConfigKeys (ConfUtils.java:logGet(43)) - raft.server.log.appender.buffer.byte-limit = 4MB (=4194304) (default)
2019-09-26 09:48:36,846 INFO  server.RaftServerConfigKeys (ConfUtils.java:logGet(43)) - raft.server.log.appender.buffer.element-limit = 0 (default)
2019-09-26 09:48:36,846 INFO  server.RaftServerConfigKeys (ConfUtils.java:logGet(43)) - raft.server.log.appender.snapshot.chunk.size.max = 16MB (=16777216) (default)
2019-09-26 09:48:36,847 INFO  server.RaftServerConfigKeys (ConfUtils.java:logGet(43)) - raft.server.log.appender.buffer.byte-limit = 4MB (=4194304) (default)
2019-09-26 09:48:36,847 INFO  server.RaftServerConfigKeys (ConfUtils.java:logGet(43)) - raft.server.log.appender.buffer.element-limit = 0 (default)
2019-09-26 09:48:36,847 INFO  impl.RoleInfo (RoleInfo.java:updateAndGet(143)) - s1: start LeaderState
2019-09-26 09:48:36,848 DEBUG raftlog.RaftLog (SegmentedRaftLog.java:appendImpl(425)) - truncateIndex=-1, arrayIndex=0
2019-09-26 09:48:36,848 INFO  segmented.SegmentedRaftLogWorker (SegmentedRaftLogWorker.java:startLogSegment(380)) - s1@group-B66CAE6D7159-SegmentedRaftLogWorker: Starting segment from index:0
2019-09-26 09:48:36,849 INFO  impl.RaftServerImpl (ServerState.java:setRaftConf(355)) - s1@group-B66CAE6D7159: set configuration 0: [s0:0.0.0.0:39170, s1:0.0.0.0:35507, s2:0.0.0.0:32862], old=null at 0
2019-09-26 09:48:36,850 INFO  impl.RaftServerImpl (ServerState.java:setLeader(254)) - s2@group-B66CAE6D7159: change Leader from null to s1 at term 1 for appendEntries, leader elected after 232ms
2019-09-26 09:48:36,850 INFO  impl.RaftServerImpl (ServerState.java:setLeader(254)) - s0@group-B66CAE6D7159: change Leader from null to s1 at term 1 for appendEntries, leader elected after 232ms
2019-09-26 09:48:36,855 DEBUG impl.RaftServerImpl (RaftServerImpl.java:logAppendEntries(850)) - s2@group-B66CAE6D7159: receive appendEntries(s1, 1, null, -1, false, commits[s1:c-1, s0:c-1, s2:c-1], entries: (t:1, i:0), CONFIGURATIONENTRY
2019-09-26 09:48:36,856 DEBUG impl.RaftServerImpl (RaftServerImpl.java:logAppendEntries(850)) - s0@group-B66CAE6D7159: receive appendEntries(s1, 1, null, -1, false, commits[s1:c-1, s0:c-1, s2:c-1], entries: (t:1, i:0), CONFIGURATIONENTRY
2019-09-26 09:48:36,856 INFO  impl.RaftServerImpl (ServerState.java:setRaftConf(355)) - s2@group-B66CAE6D7159: set configuration 0: [s0:0.0.0.0:39170, s1:0.0.0.0:35507, s2:0.0.0.0:32862], old=null at 0
2019-09-26 09:48:36,856 INFO  impl.RaftServerImpl (ServerState.java:setRaftConf(355)) - s0@group-B66CAE6D7159: set configuration 0: [s0:0.0.0.0:39170, s1:0.0.0.0:35507, s2:0.0.0.0:32862], old=null at 0
2019-09-26 09:48:36,856 DEBUG raftlog.RaftLog (SegmentedRaftLog.java:appendImpl(425)) - truncateIndex=-1, arrayIndex=0
2019-09-26 09:48:36,857 DEBUG raftlog.RaftLog (SegmentedRaftLog.java:appendImpl(425)) - truncateIndex=-1, arrayIndex=0
2019-09-26 09:48:36,857 INFO  segmented.SegmentedRaftLogWorker (SegmentedRaftLogWorker.java:startLogSegment(380)) - s2@group-B66CAE6D7159-SegmentedRaftLogWorker: Starting segment from index:0
2019-09-26 09:48:36,857 INFO  segmented.SegmentedRaftLogWorker (SegmentedRaftLogWorker.java:startLogSegment(380)) - s0@group-B66CAE6D7159-SegmentedRaftLogWorker: Starting segment from index:0
2019-09-26 09:48:37,037 INFO  segmented.SegmentedRaftLogWorker (SegmentedRaftLogWorker.java:execute(569)) - s2@group-B66CAE6D7159-SegmentedRaftLogWorker: created new log segment /workdir/ratis-test/target/test/data/48c290c3/MiniRaftClusterWithNetty52f14dfc/s2/159c84b5-1c06-4f69-b5a5-b66cae6d7159/current/log_inprogress_0
2019-09-26 09:48:37,037 INFO  segmented.SegmentedRaftLogWorker (SegmentedRaftLogWorker.java:execute(569)) - s0@group-B66CAE6D7159-SegmentedRaftLogWorker: created new log segment /workdir/ratis-test/target/test/data/48c290c3/MiniRaftClusterWithNetty52f14dfc/s0/159c84b5-1c06-4f69-b5a5-b66cae6d7159/current/log_inprogress_0
2019-09-26 09:48:37,037 INFO  segmented.SegmentedRaftLogWorker (SegmentedRaftLogWorker.java:execute(569)) - s1@group-B66CAE6D7159-SegmentedRaftLogWorker: created new log segment /workdir/ratis-test/target/test/data/48c290c3/MiniRaftClusterWithNetty52f14dfc/s1/159c84b5-1c06-4f69-b5a5-b66cae6d7159/current/log_inprogress_0
2019-09-26 09:48:37,052 DEBUG impl.RaftServerImpl (RaftServerImpl.java:logAppendEntries(850)) - s0@group-B66CAE6D7159: succeeded to handle AppendEntries. Reply: s1<-s0#0:OK,SUCCESS,nextIndex:1,term:1,followerCommit:-1
2019-09-26 09:48:37,052 DEBUG impl.RaftServerImpl (RaftServerImpl.java:logAppendEntries(850)) - s2@group-B66CAE6D7159: succeeded to handle AppendEntries. Reply: s1<-s2#0:OK,SUCCESS,nextIndex:1,term:1,followerCommit:-1
2019-09-26 09:48:37,091 INFO  ratis.RaftTestUtil (RaftTestUtil.java:waitForLeader(101)) - printing ALL groups
  s0:  RUNNING  FOLLOWER s0@group-B66CAE6D7159:t1, leader=s1, voted=s1, raftlog=s0@group-B66CAE6D7159-SegmentedRaftLog:OPENED:c-1,f0,i0, conf=0: [s0:0.0.0.0:39170, s1:0.0.0.0:35507, s2:0.0.0.0:32862], old=null RUNNING
  s1:  RUNNING    LEADER s1@group-B66CAE6D7159:t1, leader=s1, voted=s1, raftlog=s1@group-B66CAE6D7159-SegmentedRaftLog:OPENED:c0,f0,i0, conf=0: [s0:0.0.0.0:39170, s1:0.0.0.0:35507, s2:0.0.0.0:32862], old=null RUNNING
  s2:  RUNNING  FOLLOWER s2@group-B66CAE6D7159:t1, leader=s1, voted=s1, raftlog=s2@group-B66CAE6D7159-SegmentedRaftLog:OPENED:c-1,f0,i0, conf=0: [s0:0.0.0.0:39170, s1:0.0.0.0:35507, s2:0.0.0.0:32862], old=null RUNNING
2019-09-26 09:48:37,091 DEBUG client.RaftClient (ConfUtils.java:logGet(43)) - raft.rpc.type = NETTY (custom)
2019-09-26 09:48:37,093 DEBUG client.RaftClient (RaftClientImpl.java:sendRequest(275)) - client-46DE4DC14E99: send RaftClientRequest:client-46DE4DC14E99->s1@group-B66CAE6D7159, cid=2, seq=0, RW, first msg to make leader ready
2019-09-26 09:48:37,098 INFO  logging.LoggingHandler (AbstractInternalLogger.java:log(150)) - [id: 0x587bbfc9, L:/0.0.0.0:35507] READ: [id: 0x5b6be6ea, L:/192.168.30.59:35507 - R:/192.168.30.59:40810]
2019-09-26 09:48:37,099 INFO  logging.LoggingHandler (AbstractInternalLogger.java:log(150)) - [id: 0x587bbfc9, L:/0.0.0.0:35507] READ COMPLETE
2019-09-26 09:48:37,103 DEBUG impl.RaftServerImpl (RaftServerImpl.java:submitClientRequestAsync(533)) - s1@group-B66CAE6D7159: receive client request(RaftClientRequest:client-46DE4DC14E99->s1@group-B66CAE6D7159, cid=2, seq=0, RW, Message:6669727374206d736720...(size=30))
2019-09-26 09:48:37,104 DEBUG impl.RaftServerImpl (LeaderState.java:addPendingRequest(317)) - s1@group-B66CAE6D7159-LeaderState: addPendingRequest at RaftClientRequest:client-46DE4DC14E99->s1@group-B66CAE6D7159, cid=2, seq=0, RW, Message:6669727374206d736720...(size=30), entry=(t:1, i:1), STATEMACHINELOGENTRY, client-46DE4DC14E99, cid=2
2019-09-26 09:48:37,106 DEBUG impl.RaftServerImpl (RaftServerImpl.java:logAppendEntries(850)) - s0@group-B66CAE6D7159: receive appendEntries(s1, 1, (t:1, i:0), 0, false, commits[s1:c0, s0:c-1, s2:c-1], entries: (t:1, i:1), STATEMACHINELOGENTRY, client-46DE4DC14E99, cid=2
2019-09-26 09:48:37,106 DEBUG impl.RaftServerImpl (RaftServerImpl.java:logAppendEntries(850)) - s2@group-B66CAE6D7159: receive appendEntries(s1, 1, (t:1, i:0), 0, false, commits[s1:c0, s0:c-1, s2:c-1], entries: (t:1, i:1), STATEMACHINELOGENTRY, client-46DE4DC14E99, cid=2
2019-09-26 09:48:37,107 DEBUG raftlog.RaftLog (SegmentedRaftLog.java:appendImpl(425)) - truncateIndex=-1, arrayIndex=0
2019-09-26 09:48:37,107 DEBUG raftlog.RaftLog (SegmentedRaftLog.java:appendImpl(425)) - truncateIndex=-1, arrayIndex=0
2019-09-26 09:48:37,116 DEBUG impl.RaftServerImpl (RaftServerImpl.java:logAppendEntries(850)) - s0@group-B66CAE6D7159: succeeded to handle AppendEntries. Reply: s1<-s0#0:OK,SUCCESS,nextIndex:2,term:1,followerCommit:0
2019-09-26 09:48:37,116 DEBUG impl.RaftServerImpl (RaftServerImpl.java:logAppendEntries(850)) - s2@group-B66CAE6D7159: succeeded to handle AppendEntries. Reply: s1<-s2#0:OK,SUCCESS,nextIndex:2,term:1,followerCommit:0
2019-09-26 09:48:37,121 DEBUG impl.RaftServerImpl (RaftServerImpl.java:logAppendEntries(850)) - s2@group-B66CAE6D7159: receive appendEntries(s1, 1, (t:1, i:1), 1, false, commits[s1:c1, s0:c0, s2:c0], entries: (t:1, i:2), METADATAENTRY(c1)
2019-09-26 09:48:37,121 DEBUG impl.RaftServerImpl (RaftServerImpl.java:logAppendEntries(850)) - s0@group-B66CAE6D7159: receive appendEntries(s1, 1, (t:1, i:1), 1, false, commits[s1:c1, s0:c0, s2:c0], entries: (t:1, i:2), METADATAENTRY(c1)
2019-09-26 09:48:37,121 DEBUG raftlog.RaftLog (SegmentedRaftLog.java:appendImpl(425)) - truncateIndex=-1, arrayIndex=0
2019-09-26 09:48:37,122 DEBUG raftlog.RaftLog (SegmentedRaftLog.java:appendImpl(425)) - truncateIndex=-1, arrayIndex=0
2019-09-26 09:48:37,123 DEBUG client.RaftClient (RaftClientImpl.java:sendRequest(285)) - client-46DE4DC14E99: receive RaftClientReply:client-46DE4DC14E99->s1@group-B66CAE6D7159, cid=2, FAILED org.apache.ratis.protocol.StateMachineException: org.apache.ratis.protocol.StateMachineException from Server s1@group-B66CAE6D7159: Fake Exception, logIndex=1, commits[s1:c1, s0:c0, s2:c0]
2019-09-26 09:48:37,126 DEBUG client.RaftClient (ConfUtils.java:logGet(43)) - raft.rpc.type = NETTY (custom)
2019-09-26 09:48:37,131 DEBUG impl.RaftServerImpl (RaftServerImpl.java:logAppendEntries(850)) - s2@group-B66CAE6D7159: succeeded to handle AppendEntries. Reply: s1<-s2#0:OK,SUCCESS,nextIndex:3,term:1,followerCommit:1
2019-09-26 09:48:37,133 DEBUG impl.RaftServerImpl (RaftServerImpl.java:logAppendEntries(850)) - s0@group-B66CAE6D7159: succeeded to handle AppendEntries. Reply: s1<-s0#0:OK,SUCCESS,nextIndex:3,term:1,followerCommit:1
2019-09-26 09:48:37,138 INFO  logging.LoggingHandler (AbstractInternalLogger.java:log(150)) - [id: 0x587bbfc9, L:/0.0.0.0:35507] READ: [id: 0x8af987d3, L:/192.168.30.59:35507 - R:/192.168.30.59:40814]
2019-09-26 09:48:37,139 INFO  logging.LoggingHandler (AbstractInternalLogger.java:log(150)) - [id: 0x587bbfc9, L:/0.0.0.0:35507] READ COMPLETE
2019-09-26 09:48:37,142 DEBUG impl.RaftServerImpl (RaftServerImpl.java:submitClientRequestAsync(533)) - s1@group-B66CAE6D7159: receive client request(RaftClientRequest:client-504520F3EFB1->s1@group-B66CAE6D7159, cid=999, seq=0, RW, Message:6d657373616765)
2019-09-26 09:48:37,145 INFO  impl.RaftServerImpl (RaftServerImpl.java:setRole(170)) - s1@group-B66CAE6D7159: changes role from    LEADER to FOLLOWER at term 1 for stepDown
2019-09-26 09:48:37,145 INFO  impl.RoleInfo (RoleInfo.java:shutdownLeaderState(104)) - s1: shutdown LeaderState
2019-09-26 09:48:37,146 INFO  impl.LogAppender (LogAppender.java:run(78)) - s1@group-B66CAE6D7159->s0-LogAppender-AppenderDaemon was interrupted: java.lang.InterruptedException
2019-09-26 09:48:37,146 INFO  impl.LogAppender (LogAppender.java:run(78)) - s1@group-B66CAE6D7159->s2-LogAppender-AppenderDaemon was interrupted: java.lang.InterruptedException
2019-09-26 09:48:37,148 INFO  impl.PendingRequests (PendingRequests.java:sendNotLeaderResponses(202)) - s1@group-B66CAE6D7159-PendingRequests: sendNotLeaderResponses
2019-09-26 09:48:37,149 INFO  impl.RoleInfo (RoleInfo.java:updateAndGet(143)) - s1: start FollowerState
2019-09-26 09:48:37,153 INFO  server.RaftServerConfigKeys (ConfUtils.java:logGet(43)) - raft.server.rpc.timeout.max = 300ms (default)
2019-09-26 09:48:37,153 INFO  ratis.RaftTestUtil (RaftTestUtil.java:waitForLeader(86)) - printing ALL groups
  s0:  RUNNING  FOLLOWER s0@group-B66CAE6D7159:t1, leader=s1, voted=s1, raftlog=s0@group-B66CAE6D7159-SegmentedRaftLog:OPENED:c1,f2,i2, conf=0: [s0:0.0.0.0:39170, s1:0.0.0.0:35507, s2:0.0.0.0:32862], old=null RUNNING
  s1:  RUNNING  FOLLOWER s1@group-B66CAE6D7159:t1, leader=s1, voted=s1, raftlog=s1@group-B66CAE6D7159-SegmentedRaftLog:OPENED:c2,f2,i2, conf=0: [s0:0.0.0.0:39170, s1:0.0.0.0:35507, s2:0.0.0.0:32862], old=null RUNNING
  s2:  RUNNING  FOLLOWER s2@group-B66CAE6D7159:t1, leader=s1, voted=s1, raftlog=s2@group-B66CAE6D7159-SegmentedRaftLog:OPENED:c1,f2,i2, conf=0: [s0:0.0.0.0:39170, s1:0.0.0.0:35507, s2:0.0.0.0:32862], old=null RUNNING
2019-09-26 09:48:37,154 WARN  ratis.RaftTestUtil (JavaUtils.java:attempt(158)) - FAILED "waitForLeader-null-(expectLeader? true)", attempt #1/100: java.lang.IllegalStateException: No leader yet : printing ALL groups
  s0:  RUNNING  FOLLOWER s0@group-B66CAE6D7159:t1, leader=s1, voted=s1, raftlog=s0@group-B66CAE6D7159-SegmentedRaftLog:OPENED:c1,f2,i2, conf=0: [s0:0.0.0.0:39170, s1:0.0.0.0:35507, s2:0.0.0.0:32862], old=null RUNNING
  s1:  RUNNING  FOLLOWER s1@group-B66CAE6D7159:t1, leader=s1, voted=s1, raftlog=s1@group-B66CAE6D7159-SegmentedRaftLog:OPENED:c2,f2,i2, conf=0: [s0:0.0.0.0:39170, s1:0.0.0.0:35507, s2:0.0.0.0:32862], old=null RUNNING
  s2:  RUNNING  FOLLOWER s2@group-B66CAE6D7159:t1, leader=s1, voted=s1, raftlog=s2@group-B66CAE6D7159-SegmentedRaftLog:OPENED:c1,f2,i2, conf=0: [s0:0.0.0.0:39170, s1:0.0.0.0:35507, s2:0.0.0.0:32862], old=null RUNNING, sleep 450ms and then retry.
java.lang.IllegalStateException: No leader yet : printing ALL groups
  s0:  RUNNING  FOLLOWER s0@group-B66CAE6D7159:t1, leader=s1, voted=s1, raftlog=s0@group-B66CAE6D7159-SegmentedRaftLog:OPENED:c1,f2,i2, conf=0: [s0:0.0.0.0:39170, s1:0.0.0.0:35507, s2:0.0.0.0:32862], old=null RUNNING
  s1:  RUNNING  FOLLOWER s1@group-B66CAE6D7159:t1, leader=s1, voted=s1, raftlog=s1@group-B66CAE6D7159-SegmentedRaftLog:OPENED:c2,f2,i2, conf=0: [s0:0.0.0.0:39170, s1:0.0.0.0:35507, s2:0.0.0.0:32862], old=null RUNNING
  s2:  RUNNING  FOLLOWER s2@group-B66CAE6D7159:t1, leader=s1, voted=s1, raftlog=s2@group-B66CAE6D7159-SegmentedRaftLog:OPENED:c1,f2,i2, conf=0: [s0:0.0.0.0:39170, s1:0.0.0.0:35507, s2:0.0.0.0:32862], old=null RUNNING
	at org.apache.ratis.MiniRaftCluster.newIllegalStateExceptionForNoLeaders(MiniRaftCluster.java:506)
	at org.apache.ratis.RaftTestUtil.lambda$waitForLeader$1(RaftTestUtil.java:90)
	at org.apache.ratis.MiniRaftCluster.getLeader(MiniRaftCluster.java:539)
	at org.apache.ratis.MiniRaftCluster.getLeader(MiniRaftCluster.java:532)
	at org.apache.ratis.RaftTestUtil.lambda$waitForLeader$3(RaftTestUtil.java:98)
	at org.apache.ratis.util.JavaUtils.attempt(JavaUtils.java:152)
	at org.apache.ratis.RaftTestUtil.waitForLeader(RaftTestUtil.java:97)
	at org.apache.ratis.RaftTestUtil.waitForLeader(RaftTestUtil.java:77)
	at org.apache.ratis.RaftTestUtil.waitForLeader(RaftTestUtil.java:72)
	at org.apache.ratis.server.impl.RaftStateMachineExceptionTests.runTestRetryOnExceptionDuringReplication(RaftStateMachineExceptionTests.java:166)
	at org.apache.ratis.MiniRaftCluster$Factory$Get.runWithNewCluster(MiniRaftCluster.java:125)
	at org.apache.ratis.MiniRaftCluster$Factory$Get.runWithNewCluster(MiniRaftCluster.java:113)
	at org.apache.ratis.server.impl.RaftStateMachineExceptionTests.testRetryOnExceptionDuringReplication(RaftStateMachineExceptionTests.java:145)
	at sun.reflect.NativeMethodAccessorImpl.invoke0(Native Method)
	at sun.reflect.NativeMethodAccessorImpl.invoke(NativeMethodAccessorImpl.java:62)
	at sun.reflect.DelegatingMethodAccessorImpl.invoke(DelegatingMethodAccessorImpl.java:43)
	at java.lang.reflect.Method.invoke(Method.java:498)
	at org.junit.runners.model.FrameworkMethod$1.runReflectiveCall(FrameworkMethod.java:50)
	at org.junit.internal.runners.model.ReflectiveCallable.run(ReflectiveCallable.java:12)
	at org.junit.runners.model.FrameworkMethod.invokeExplosively(FrameworkMethod.java:47)
	at org.junit.internal.runners.statements.InvokeMethod.evaluate(InvokeMethod.java:17)
	at org.junit.internal.runners.statements.RunAfters.evaluate(RunAfters.java:27)
	at org.junit.internal.runners.statements.FailOnTimeout$CallableStatement.call(FailOnTimeout.java:298)
	at org.junit.internal.runners.statements.FailOnTimeout$CallableStatement.call(FailOnTimeout.java:292)
	at java.util.concurrent.FutureTask.run(FutureTask.java:266)
	at java.lang.Thread.run(Thread.java:748)
2019-09-26 09:48:37,350 INFO  impl.FollowerState (FollowerState.java:run(108)) - s1@group-B66CAE6D7159-FollowerState: change to CANDIDATE, lastRpcTime:201ms, electionTimeout:200ms
2019-09-26 09:48:37,351 INFO  impl.RoleInfo (RoleInfo.java:shutdownFollowerState(121)) - s1: shutdown FollowerState
2019-09-26 09:48:37,351 INFO  impl.RaftServerImpl (RaftServerImpl.java:setRole(170)) - s1@group-B66CAE6D7159: changes role from  FOLLOWER to CANDIDATE at term 1 for changeToCandidate
2019-09-26 09:48:37,351 INFO  impl.RoleInfo (RoleInfo.java:updateAndGet(143)) - s1: start LeaderElection
2019-09-26 09:48:37,352 INFO  impl.RaftServerImpl (ServerState.java:setLeader(254)) - s1@group-B66CAE6D7159: change Leader from s1 to null at term 1 for initElection
2019-09-26 09:48:37,367 INFO  impl.LeaderElection (LeaderElection.java:askForVotes(178)) - s1@group-B66CAE6D7159-LeaderElection7: begin an election at term 2 for 0: [s0:0.0.0.0:39170, s1:0.0.0.0:35507, s2:0.0.0.0:32862], old=null
2019-09-26 09:48:37,368 DEBUG impl.RaftServerImpl (RaftServerImpl.java:requestVote(743)) - s2@group-B66CAE6D7159: receive requestVote(s1, group-B66CAE6D7159, 2, (t:1, i:2))
2019-09-26 09:48:37,368 DEBUG impl.RaftServerImpl (RaftServerImpl.java:requestVote(743)) - s0@group-B66CAE6D7159: receive requestVote(s1, group-B66CAE6D7159, 2, (t:1, i:2))
2019-09-26 09:48:37,369 INFO  impl.RaftServerImpl (ServerState.java:setLeader(254)) - s2@group-B66CAE6D7159: change Leader from s1 to null at term 2 for updateCurrentTerm
2019-09-26 09:48:37,369 INFO  impl.RaftServerImpl (ServerState.java:setLeader(254)) - s0@group-B66CAE6D7159: change Leader from s1 to null at term 2 for updateCurrentTerm
2019-09-26 09:48:37,370 INFO  impl.RaftServerImpl (RaftServerImpl.java:setRole(170)) - s2@group-B66CAE6D7159: changes role from  FOLLOWER to FOLLOWER at term 2 for recognizeCandidate:s1
2019-09-26 09:48:37,370 INFO  impl.RaftServerImpl (RaftServerImpl.java:setRole(170)) - s0@group-B66CAE6D7159: changes role from  FOLLOWER to FOLLOWER at term 2 for recognizeCandidate:s1
2019-09-26 09:48:37,370 INFO  impl.RoleInfo (RoleInfo.java:shutdownFollowerState(121)) - s2: shutdown FollowerState
2019-09-26 09:48:37,371 INFO  impl.RoleInfo (RoleInfo.java:shutdownFollowerState(121)) - s0: shutdown FollowerState
2019-09-26 09:48:37,371 INFO  impl.FollowerState (FollowerState.java:run(117)) - s2@group-B66CAE6D7159-FollowerState was interrupted: java.lang.InterruptedException: sleep interrupted
2019-09-26 09:48:37,371 INFO  impl.FollowerState (FollowerState.java:run(117)) - s0@group-B66CAE6D7159-FollowerState was interrupted: java.lang.InterruptedException: sleep interrupted
2019-09-26 09:48:37,371 INFO  impl.RoleInfo (RoleInfo.java:updateAndGet(143)) - s2: start FollowerState
2019-09-26 09:48:37,372 INFO  impl.RoleInfo (RoleInfo.java:updateAndGet(143)) - s0: start FollowerState
2019-09-26 09:48:37,387 DEBUG impl.RaftServerImpl (RaftServerImpl.java:requestVote(775)) - s2@group-B66CAE6D7159 replies to vote request: s1<-s2#0:OK-t2. Peer's state: s2@group-B66CAE6D7159:t2, leader=null, voted=s1, raftlog=s2@group-B66CAE6D7159-SegmentedRaftLog:OPENED:c1,f2,i2, conf=0: [s0:0.0.0.0:39170, s1:0.0.0.0:35507, s2:0.0.0.0:32862], old=null
2019-09-26 09:48:37,387 DEBUG impl.RaftServerImpl (RaftServerImpl.java:requestVote(775)) - s0@group-B66CAE6D7159 replies to vote request: s1<-s0#0:OK-t2. Peer's state: s0@group-B66CAE6D7159:t2, leader=null, voted=s1, raftlog=s0@group-B66CAE6D7159-SegmentedRaftLog:OPENED:c1,f2,i2, conf=0: [s0:0.0.0.0:39170, s1:0.0.0.0:35507, s2:0.0.0.0:32862], old=null
2019-09-26 09:48:37,388 INFO  impl.LeaderElection (LeaderElection.java:logAndReturn(56)) - s1@group-B66CAE6D7159-LeaderElection7: Election PASSED; received 1 response(s) [s1<-s2#0:OK-t2] and 0 exception(s); s1@group-B66CAE6D7159:t2, leader=null, voted=s1, raftlog=s1@group-B66CAE6D7159-SegmentedRaftLog:OPENED:c2,f2,i2, conf=0: [s0:0.0.0.0:39170, s1:0.0.0.0:35507, s2:0.0.0.0:32862], old=null
2019-09-26 09:48:37,389 INFO  impl.RoleInfo (RoleInfo.java:shutdownLeaderElection(134)) - s1: shutdown LeaderElection
2019-09-26 09:48:37,390 INFO  impl.RaftServerImpl (RaftServerImpl.java:setRole(170)) - s1@group-B66CAE6D7159: changes role from CANDIDATE to LEADER at term 2 for changeToLeader
2019-09-26 09:48:37,390 INFO  impl.RaftServerImpl (ServerState.java:setLeader(254)) - s1@group-B66CAE6D7159: change Leader from null to s1 at term 2 for becomeLeader, leader elected after 37ms
2019-09-26 09:48:37,390 INFO  server.RaftServerConfigKeys (ConfUtils.java:logGet(43)) - raft.server.staging.catchup.gap = 1000 (default)
2019-09-26 09:48:37,390 INFO  server.RaftServerConfigKeys (ConfUtils.java:logGet(43)) - raft.server.rpc.sleep.time = 25ms (default)
2019-09-26 09:48:37,390 INFO  server.RaftServerConfigKeys (ConfUtils.java:logGet(43)) - raft.server.write.element-limit = 4096 (default)
2019-09-26 09:48:37,391 INFO  server.RaftServerConfigKeys (ConfUtils.java:logGet(43)) - raft.server.watch.timeout = 10s (default)
2019-09-26 09:48:37,391 INFO  server.RaftServerConfigKeys (ConfUtils.java:logGet(43)) - raft.server.watch.timeout.denomination = 1s (default)
2019-09-26 09:48:37,391 INFO  server.RaftServerConfigKeys (ConfUtils.java:logGet(43)) - raft.server.watch.element-limit = 65536 (default)
2019-09-26 09:48:37,391 INFO  server.RaftServerConfigKeys (ConfUtils.java:logGet(43)) - raft.server.log.appender.snapshot.chunk.size.max = 16MB (=16777216) (default)
2019-09-26 09:48:37,391 INFO  server.RaftServerConfigKeys (ConfUtils.java:logGet(43)) - raft.server.log.appender.buffer.byte-limit = 4MB (=4194304) (default)
2019-09-26 09:48:37,392 INFO  server.RaftServerConfigKeys (ConfUtils.java:logGet(43)) - raft.server.log.appender.buffer.element-limit = 0 (default)
2019-09-26 09:48:37,392 INFO  server.RaftServerConfigKeys (ConfUtils.java:logGet(43)) - raft.server.log.appender.snapshot.chunk.size.max = 16MB (=16777216) (default)
2019-09-26 09:48:37,392 INFO  server.RaftServerConfigKeys (ConfUtils.java:logGet(43)) - raft.server.log.appender.buffer.byte-limit = 4MB (=4194304) (default)
2019-09-26 09:48:37,392 INFO  server.RaftServerConfigKeys (ConfUtils.java:logGet(43)) - raft.server.log.appender.buffer.element-limit = 0 (default)
2019-09-26 09:48:37,393 INFO  impl.RoleInfo (RoleInfo.java:updateAndGet(143)) - s1: start LeaderState
2019-09-26 09:48:37,393 DEBUG raftlog.RaftLog (SegmentedRaftLog.java:appendImpl(425)) - truncateIndex=-1, arrayIndex=0
2019-09-26 09:48:37,393 INFO  segmented.SegmentedRaftLogWorker (SegmentedRaftLogWorker.java:rollLogSegment(385)) - s1@group-B66CAE6D7159-SegmentedRaftLogWorker: Rolling segment log-0_2 to index:2
2019-09-26 09:48:37,398 TRACE util.FileUtils (LogUtils.java:runAndLog(61)) - Successfully ran Files.move /workdir/ratis-test/target/test/data/48c290c3/MiniRaftClusterWithNetty52f14dfc/s1/159c84b5-1c06-4f69-b5a5-b66cae6d7159/current/log_inprogress_0 to /workdir/ratis-test/target/test/data/48c290c3/MiniRaftClusterWithNetty52f14dfc/s1/159c84b5-1c06-4f69-b5a5-b66cae6d7159/current/log_0-2
2019-09-26 09:48:37,398 INFO  segmented.SegmentedRaftLogWorker (SegmentedRaftLogWorker.java:execute(526)) - s1@group-B66CAE6D7159-SegmentedRaftLogWorker: Rolled log segment from /workdir/ratis-test/target/test/data/48c290c3/MiniRaftClusterWithNetty52f14dfc/s1/159c84b5-1c06-4f69-b5a5-b66cae6d7159/current/log_inprogress_0 to /workdir/ratis-test/target/test/data/48c290c3/MiniRaftClusterWithNetty52f14dfc/s1/159c84b5-1c06-4f69-b5a5-b66cae6d7159/current/log_0-2
2019-09-26 09:48:37,399 INFO  impl.RaftServerImpl (ServerState.java:setRaftConf(355)) - s1@group-B66CAE6D7159: set configuration 3: [s0:0.0.0.0:39170, s1:0.0.0.0:35507, s2:0.0.0.0:32862], old=null at 3
2019-09-26 09:48:37,400 INFO  impl.RaftServerImpl (ServerState.java:setLeader(254)) - s0@group-B66CAE6D7159: change Leader from null to s1 at term 2 for appendEntries, leader elected after 31ms
2019-09-26 09:48:37,401 INFO  impl.RaftServerImpl (ServerState.java:setLeader(254)) - s2@group-B66CAE6D7159: change Leader from null to s1 at term 2 for appendEntries, leader elected after 32ms
2019-09-26 09:48:37,404 DEBUG impl.RaftServerImpl (RaftServerImpl.java:logAppendEntries(850)) - s0@group-B66CAE6D7159: receive appendEntries(s1, 2, (t:1, i:2), 2, false, commits[s1:c2, s0:c1, s2:c1], entries: (t:2, i:3), CONFIGURATIONENTRY
2019-09-26 09:48:37,404 INFO  impl.RaftServerImpl (ServerState.java:setRaftConf(355)) - s0@group-B66CAE6D7159: set configuration 3: [s0:0.0.0.0:39170, s1:0.0.0.0:35507, s2:0.0.0.0:32862], old=null at 3
2019-09-26 09:48:37,404 DEBUG impl.RaftServerImpl (RaftServerImpl.java:logAppendEntries(850)) - s2@group-B66CAE6D7159: receive appendEntries(s1, 2, (t:1, i:2), 2, false, commits[s1:c2, s0:c1, s2:c1], entries: (t:2, i:3), CONFIGURATIONENTRY
2019-09-26 09:48:37,405 DEBUG raftlog.RaftLog (SegmentedRaftLog.java:appendImpl(425)) - truncateIndex=-1, arrayIndex=0
2019-09-26 09:48:37,405 INFO  impl.RaftServerImpl (ServerState.java:setRaftConf(355)) - s2@group-B66CAE6D7159: set configuration 3: [s0:0.0.0.0:39170, s1:0.0.0.0:35507, s2:0.0.0.0:32862], old=null at 3
2019-09-26 09:48:37,405 INFO  segmented.SegmentedRaftLogWorker (SegmentedRaftLogWorker.java:rollLogSegment(385)) - s0@group-B66CAE6D7159-SegmentedRaftLogWorker: Rolling segment log-0_2 to index:2
2019-09-26 09:48:37,405 DEBUG raftlog.RaftLog (SegmentedRaftLog.java:appendImpl(425)) - truncateIndex=-1, arrayIndex=0
2019-09-26 09:48:37,406 INFO  segmented.SegmentedRaftLogWorker (SegmentedRaftLogWorker.java:rollLogSegment(385)) - s2@group-B66CAE6D7159-SegmentedRaftLogWorker: Rolling segment log-0_2 to index:2
2019-09-26 09:48:37,407 TRACE util.FileUtils (LogUtils.java:runAndLog(61)) - Successfully ran Files.move /workdir/ratis-test/target/test/data/48c290c3/MiniRaftClusterWithNetty52f14dfc/s0/159c84b5-1c06-4f69-b5a5-b66cae6d7159/current/log_inprogress_0 to /workdir/ratis-test/target/test/data/48c290c3/MiniRaftClusterWithNetty52f14dfc/s0/159c84b5-1c06-4f69-b5a5-b66cae6d7159/current/log_0-2
2019-09-26 09:48:37,408 INFO  segmented.SegmentedRaftLogWorker (SegmentedRaftLogWorker.java:execute(526)) - s0@group-B66CAE6D7159-SegmentedRaftLogWorker: Rolled log segment from /workdir/ratis-test/target/test/data/48c290c3/MiniRaftClusterWithNetty52f14dfc/s0/159c84b5-1c06-4f69-b5a5-b66cae6d7159/current/log_inprogress_0 to /workdir/ratis-test/target/test/data/48c290c3/MiniRaftClusterWithNetty52f14dfc/s0/159c84b5-1c06-4f69-b5a5-b66cae6d7159/current/log_0-2
2019-09-26 09:48:37,408 TRACE util.FileUtils (LogUtils.java:runAndLog(61)) - Successfully ran Files.move /workdir/ratis-test/target/test/data/48c290c3/MiniRaftClusterWithNetty52f14dfc/s2/159c84b5-1c06-4f69-b5a5-b66cae6d7159/current/log_inprogress_0 to /workdir/ratis-test/target/test/data/48c290c3/MiniRaftClusterWithNetty52f14dfc/s2/159c84b5-1c06-4f69-b5a5-b66cae6d7159/current/log_0-2
2019-09-26 09:48:37,408 INFO  segmented.SegmentedRaftLogWorker (SegmentedRaftLogWorker.java:execute(526)) - s2@group-B66CAE6D7159-SegmentedRaftLogWorker: Rolled log segment from /workdir/ratis-test/target/test/data/48c290c3/MiniRaftClusterWithNetty52f14dfc/s2/159c84b5-1c06-4f69-b5a5-b66cae6d7159/current/log_inprogress_0 to /workdir/ratis-test/target/test/data/48c290c3/MiniRaftClusterWithNetty52f14dfc/s2/159c84b5-1c06-4f69-b5a5-b66cae6d7159/current/log_0-2
2019-09-26 09:48:37,599 INFO  segmented.SegmentedRaftLogWorker (SegmentedRaftLogWorker.java:execute(569)) - s2@group-B66CAE6D7159-SegmentedRaftLogWorker: created new log segment /workdir/ratis-test/target/test/data/48c290c3/MiniRaftClusterWithNetty52f14dfc/s2/159c84b5-1c06-4f69-b5a5-b66cae6d7159/current/log_inprogress_3
2019-09-26 09:48:37,599 INFO  segmented.SegmentedRaftLogWorker (SegmentedRaftLogWorker.java:execute(569)) - s0@group-B66CAE6D7159-SegmentedRaftLogWorker: created new log segment /workdir/ratis-test/target/test/data/48c290c3/MiniRaftClusterWithNetty52f14dfc/s0/159c84b5-1c06-4f69-b5a5-b66cae6d7159/current/log_inprogress_3
2019-09-26 09:48:37,599 INFO  segmented.SegmentedRaftLogWorker (SegmentedRaftLogWorker.java:execute(569)) - s1@group-B66CAE6D7159-SegmentedRaftLogWorker: created new log segment /workdir/ratis-test/target/test/data/48c290c3/MiniRaftClusterWithNetty52f14dfc/s1/159c84b5-1c06-4f69-b5a5-b66cae6d7159/current/log_inprogress_3
2019-09-26 09:48:37,605 INFO  ratis.RaftTestUtil (RaftTestUtil.java:waitForLeader(101)) - printing ALL groups
  s0:  RUNNING  FOLLOWER s0@group-B66CAE6D7159:t2, leader=s1, voted=s1, raftlog=s0@group-B66CAE6D7159-SegmentedRaftLog:OPENED:c1,f2,i3, conf=3: [s0:0.0.0.0:39170, s1:0.0.0.0:35507, s2:0.0.0.0:32862], old=null RUNNING
  s1:  RUNNING    LEADER s1@group-B66CAE6D7159:t2, leader=s1, voted=s1, raftlog=s1@group-B66CAE6D7159-SegmentedRaftLog:OPENED:c2,f2,i3, conf=3: [s0:0.0.0.0:39170, s1:0.0.0.0:35507, s2:0.0.0.0:32862], old=null RUNNING
  s2:  RUNNING  FOLLOWER s2@group-B66CAE6D7159:t2, leader=s1, voted=s1, raftlog=s2@group-B66CAE6D7159-SegmentedRaftLog:OPENED:c1,f2,i3, conf=3: [s0:0.0.0.0:39170, s1:0.0.0.0:35507, s2:0.0.0.0:32862], old=null RUNNING
2019-09-26 09:48:37,606 DEBUG impl.RaftServerImpl (RaftServerImpl.java:submitClientRequestAsync(533)) - s1@group-B66CAE6D7159: receive client request(RaftClientRequest:client-504520F3EFB1->s1@group-B66CAE6D7159, cid=999, seq=0, RW, Message:6d657373616765)
2019-09-26 09:48:37,608 INFO  ratis.MiniRaftCluster (MiniRaftCluster.java:runWithNewCluster(127)) - printing ALL groups
  s0:  RUNNING  FOLLOWER s0@group-B66CAE6D7159:t2, leader=s1, voted=s1, raftlog=s0@group-B66CAE6D7159-SegmentedRaftLog:OPENED:c1,f2,i3, conf=3: [s0:0.0.0.0:39170, s1:0.0.0.0:35507, s2:0.0.0.0:32862], old=null RUNNING
  s1:  RUNNING    LEADER s1@group-B66CAE6D7159:t2, leader=s1, voted=s1, raftlog=s1@group-B66CAE6D7159-SegmentedRaftLog:OPENED:c2,f2,i3, conf=3: [s0:0.0.0.0:39170, s1:0.0.0.0:35507, s2:0.0.0.0:32862], old=null RUNNING
  s2:  RUNNING  FOLLOWER s2@group-B66CAE6D7159:t2, leader=s1, voted=s1, raftlog=s2@group-B66CAE6D7159-SegmentedRaftLog:OPENED:c1,f2,i3, conf=3: [s0:0.0.0.0:39170, s1:0.0.0.0:35507, s2:0.0.0.0:32862], old=null RUNNING
2019-09-26 09:48:37,609 ERROR ratis.MiniRaftCluster (MiniRaftCluster.java:runWithNewCluster(128)) - Failed org.apache.ratis.MiniRaftCluster$Factory$Get.runWithNewCluster(MiniRaftCluster.java:113)
java.lang.NullPointerException
	at java.util.Objects.requireNonNull(Objects.java:203)
	at org.apache.ratis.server.impl.RaftStateMachineExceptionTests.runTestRetryOnExceptionDuringReplication(RaftStateMachineExceptionTests.java:170)
	at org.apache.ratis.MiniRaftCluster$Factory$Get.runWithNewCluster(MiniRaftCluster.java:125)
	at org.apache.ratis.MiniRaftCluster$Factory$Get.runWithNewCluster(MiniRaftCluster.java:113)
	at org.apache.ratis.server.impl.RaftStateMachineExceptionTests.testRetryOnExceptionDuringReplication(RaftStateMachineExceptionTests.java:145)
	at sun.reflect.NativeMethodAccessorImpl.invoke0(Native Method)
	at sun.reflect.NativeMethodAccessorImpl.invoke(NativeMethodAccessorImpl.java:62)
	at sun.reflect.DelegatingMethodAccessorImpl.invoke(DelegatingMethodAccessorImpl.java:43)
	at java.lang.reflect.Method.invoke(Method.java:498)
	at org.junit.runners.model.FrameworkMethod$1.runReflectiveCall(FrameworkMethod.java:50)
	at org.junit.internal.runners.model.ReflectiveCallable.run(ReflectiveCallable.java:12)
	at org.junit.runners.model.FrameworkMethod.invokeExplosively(FrameworkMethod.java:47)
	at org.junit.internal.runners.statements.InvokeMethod.evaluate(InvokeMethod.java:17)
	at org.junit.internal.runners.statements.RunAfters.evaluate(RunAfters.java:27)
	at org.junit.internal.runners.statements.FailOnTimeout$CallableStatement.call(FailOnTimeout.java:298)
	at org.junit.internal.runners.statements.FailOnTimeout$CallableStatement.call(FailOnTimeout.java:292)
	at java.util.concurrent.FutureTask.run(FutureTask.java:266)
	at java.lang.Thread.run(Thread.java:748)
2019-09-26 09:48:37,610 INFO  ratis.MiniRaftCluster (MiniRaftCluster.java:shutdown(700)) - ************************************************************** 
2019-09-26 09:48:37,610 INFO  ratis.MiniRaftCluster (MiniRaftCluster.java:shutdown(701)) - *** 
2019-09-26 09:48:37,610 INFO  ratis.MiniRaftCluster (MiniRaftCluster.java:shutdown(702)) - ***     Stopping MiniRaftClusterWithNetty
2019-09-26 09:48:37,610 INFO  ratis.MiniRaftCluster (MiniRaftCluster.java:shutdown(703)) - *** 
2019-09-26 09:48:37,610 INFO  ratis.MiniRaftCluster (MiniRaftCluster.java:shutdown(704)) - ************************************************************** 
2019-09-26 09:48:37,610 INFO  ratis.MiniRaftCluster (MiniRaftCluster.java:shutdown(705)) - printing ALL groups
  s0:  RUNNING  FOLLOWER s0@group-B66CAE6D7159:t2, leader=s1, voted=s1, raftlog=s0@group-B66CAE6D7159-SegmentedRaftLog:OPENED:c1,f2,i3, conf=3: [s0:0.0.0.0:39170, s1:0.0.0.0:35507, s2:0.0.0.0:32862], old=null RUNNING
  s1:  RUNNING    LEADER s1@group-B66CAE6D7159:t2, leader=s1, voted=s1, raftlog=s1@group-B66CAE6D7159-SegmentedRaftLog:OPENED:c2,f2,i3, conf=3: [s0:0.0.0.0:39170, s1:0.0.0.0:35507, s2:0.0.0.0:32862], old=null RUNNING
  s2:  RUNNING  FOLLOWER s2@group-B66CAE6D7159:t2, leader=s1, voted=s1, raftlog=s2@group-B66CAE6D7159-SegmentedRaftLog:OPENED:c1,f3,i3, conf=3: [s0:0.0.0.0:39170, s1:0.0.0.0:35507, s2:0.0.0.0:32862], old=null RUNNING
2019-09-26 09:48:37,611 DEBUG impl.RaftServerImpl (RaftServerImpl.java:logAppendEntries(850)) - s2@group-B66CAE6D7159: succeeded to handle AppendEntries. Reply: s1<-s2#0:OK,SUCCESS,nextIndex:4,term:2,followerCommit:1
2019-09-26 09:48:37,613 DEBUG impl.RaftServerImpl (RaftServerImpl.java:logAppendEntries(850)) - s0@group-B66CAE6D7159: succeeded to handle AppendEntries. Reply: s1<-s0#0:OK,SUCCESS,nextIndex:4,term:2,followerCommit:1
2019-09-26 09:48:37,614 INFO  impl.RaftServerProxy (RaftServerProxy.java:lambda$close$4(314)) - s2: close
2019-09-26 09:48:37,614 INFO  impl.RaftServerProxy (RaftServerProxy.java:lambda$close$4(314)) - s0: close
2019-09-26 09:48:37,614 INFO  impl.RaftServerProxy (RaftServerProxy.java:lambda$close$4(314)) - s1: close
2019-09-26 09:48:37,614 INFO  impl.RaftServerImpl (RaftServerImpl.java:lambda$shutdown$3(247)) - s0@group-B66CAE6D7159: shutdown
2019-09-26 09:48:37,614 INFO  impl.RaftServerImpl (RaftServerImpl.java:lambda$shutdown$3(247)) - s2@group-B66CAE6D7159: shutdown
2019-09-26 09:48:37,615 INFO  util.JmxRegister (JmxRegister.java:unregister(73)) - Successfully un-registered JMX Bean with object name Ratis:service=RaftServer,group=group-B66CAE6D7159,id=s0
2019-09-26 09:48:37,614 INFO  impl.RaftServerImpl (RaftServerImpl.java:lambda$shutdown$3(247)) - s1@group-B66CAE6D7159: shutdown
2019-09-26 09:48:37,616 INFO  impl.RoleInfo (RoleInfo.java:shutdownFollowerState(121)) - s0: shutdown FollowerState
2019-09-26 09:48:37,616 INFO  util.JmxRegister (JmxRegister.java:unregister(73)) - Successfully un-registered JMX Bean with object name Ratis:service=RaftServer,group=group-B66CAE6D7159,id=s2
2019-09-26 09:48:37,616 INFO  impl.FollowerState (FollowerState.java:run(117)) - s0@group-B66CAE6D7159-FollowerState was interrupted: java.lang.InterruptedException: sleep interrupted
2019-09-26 09:48:37,616 INFO  impl.StateMachineUpdater (StateMachineUpdater.java:stopAndJoin(136)) - s0@group-B66CAE6D7159-StateMachineUpdater: set stopIndex = 1
2019-09-26 09:48:37,616 INFO  util.JmxRegister (JmxRegister.java:unregister(73)) - Successfully un-registered JMX Bean with object name Ratis:service=RaftServer,group=group-B66CAE6D7159,id=s1
2019-09-26 09:48:37,618 INFO  impl.RaftServerImpl (ServerState.java:close(386)) - s0@group-B66CAE6D7159: closes. applyIndex: 1
2019-09-26 09:48:37,617 INFO  impl.RoleInfo (RoleInfo.java:shutdownFollowerState(121)) - s2: shutdown FollowerState
2019-09-26 09:48:37,618 INFO  segmented.SegmentedRaftLogWorker (SegmentedRaftLogWorker.java:run(313)) - s0@group-B66CAE6D7159-SegmentedRaftLogWorker was interrupted, exiting. There are 0 tasks remaining in the queue.
2019-09-26 09:48:37,618 INFO  impl.RoleInfo (RoleInfo.java:shutdownLeaderState(104)) - s1: shutdown LeaderState
2019-09-26 09:48:37,618 INFO  impl.StateMachineUpdater (StateMachineUpdater.java:stopAndJoin(136)) - s2@group-B66CAE6D7159-StateMachineUpdater: set stopIndex = 1
2019-09-26 09:48:37,618 INFO  impl.FollowerState (FollowerState.java:run(117)) - s2@group-B66CAE6D7159-FollowerState was interrupted: java.lang.InterruptedException: sleep interrupted
2019-09-26 09:48:37,621 INFO  impl.RaftServerImpl (ServerState.java:close(386)) - s2@group-B66CAE6D7159: closes. applyIndex: 1
2019-09-26 09:48:37,621 INFO  impl.LogAppender (LogAppender.java:run(78)) - s1@group-B66CAE6D7159->s2-LogAppender-AppenderDaemon was interrupted: java.io.InterruptedIOException: s1->s2#0 sending from s2:0.0.0.0:32862 is interrupted.
2019-09-26 09:48:37,621 INFO  impl.LogAppender (LogAppender.java:run(78)) - s1@group-B66CAE6D7159->s0-LogAppender-AppenderDaemon was interrupted: java.io.InterruptedIOException: s1->s0#0 sending from s0:0.0.0.0:39170 is interrupted.
2019-09-26 09:48:37,621 INFO  impl.PendingRequests (PendingRequests.java:sendNotLeaderResponses(202)) - s1@group-B66CAE6D7159-PendingRequests: sendNotLeaderResponses
2019-09-26 09:48:37,623 INFO  segmented.SegmentedRaftLogWorker (SegmentedRaftLogWorker.java:run(313)) - s2@group-B66CAE6D7159-SegmentedRaftLogWorker was interrupted, exiting. There are 0 tasks remaining in the queue.
2019-09-26 09:48:37,622 INFO  segmented.SegmentedRaftLogWorker (SegmentedRaftLogWorker.java:close(228)) - s0@group-B66CAE6D7159-SegmentedRaftLogWorker close()
2019-09-26 09:48:37,625 INFO  impl.StateMachineUpdater (StateMachineUpdater.java:stopAndJoin(136)) - s1@group-B66CAE6D7159-StateMachineUpdater: set stopIndex = 3
2019-09-26 09:48:37,627 INFO  impl.RaftServerImpl (ServerState.java:close(386)) - s1@group-B66CAE6D7159: closes. applyIndex: 3
2019-09-26 09:48:37,627 INFO  logging.LoggingHandler (AbstractInternalLogger.java:log(150)) - [id: 0x354b0d0a, L:/0.0.0.0:39170] UNREGISTERED
2019-09-26 09:48:37,628 INFO  segmented.SegmentedRaftLogWorker (SegmentedRaftLogWorker.java:run(313)) - s1@group-B66CAE6D7159-SegmentedRaftLogWorker was interrupted, exiting. There are 0 tasks remaining in the queue.
2019-09-26 09:48:37,629 INFO  segmented.SegmentedRaftLogWorker (SegmentedRaftLogWorker.java:close(228)) - s2@group-B66CAE6D7159-SegmentedRaftLogWorker close()
2019-09-26 09:48:37,630 INFO  logging.LoggingHandler (AbstractInternalLogger.java:log(150)) - [id: 0x04c446ac, L:/0.0.0.0:32862] UNREGISTERED
2019-09-26 09:48:37,631 INFO  segmented.SegmentedRaftLogWorker (SegmentedRaftLogWorker.java:close(228)) - s1@group-B66CAE6D7159-SegmentedRaftLogWorker close()
2019-09-26 09:48:37,632 INFO  logging.LoggingHandler (AbstractInternalLogger.java:log(150)) - [id: 0x587bbfc9, L:/0.0.0.0:35507] UNREGISTERED
2019-09-26 09:48:37,636 INFO  ratis.MiniRaftCluster (MiniRaftCluster.java:shutdown(722)) - MiniRaftClusterWithNetty shutdown completed
]]></system-out>
  </testcase>
</testsuite>